TN:
SF:src/App.tsx
FN:8,(anonymous_10)
FN:8,(anonymous_11)
FN:9,(anonymous_12)
FN:9,(anonymous_13)
FN:10,(anonymous_14)
FN:10,(anonymous_15)
FN:11,(anonymous_16)
FN:11,(anonymous_17)
FN:12,(anonymous_18)
FN:12,(anonymous_19)
FN:13,(anonymous_20)
FN:13,(anonymous_21)
FN:14,(anonymous_22)
FN:14,(anonymous_23)
FN:15,(anonymous_24)
FN:15,(anonymous_25)
FN:16,(anonymous_26)
FN:16,(anonymous_27)
FN:17,(anonymous_28)
FN:17,(anonymous_29)
FN:18,(anonymous_30)
FN:18,(anonymous_31)
FN:22,(anonymous_32)
FN:22,(anonymous_33)
FN:23,(anonymous_34)
FN:23,(anonymous_35)
FN:24,(anonymous_36)
FN:24,(anonymous_37)
FN:25,(anonymous_38)
FN:25,(anonymous_39)
FN:26,(anonymous_40)
FN:26,(anonymous_41)
FN:27,(anonymous_42)
FN:27,(anonymous_43)
FN:28,(anonymous_44)
FN:28,(anonymous_45)
FN:29,(anonymous_46)
FN:29,(anonymous_47)
FN:30,(anonymous_48)
FN:30,(anonymous_49)
FN:31,(anonymous_50)
FN:31,(anonymous_51)
FN:32,(anonymous_52)
FN:32,(anonymous_53)
FN:33,(anonymous_54)
FN:33,(anonymous_55)
FN:34,(anonymous_56)
FN:34,(anonymous_57)
FN:35,(anonymous_58)
FN:35,(anonymous_59)
FN:36,(anonymous_60)
FN:36,(anonymous_61)
FN:37,(anonymous_62)
FN:37,(anonymous_63)
FN:38,(anonymous_64)
FN:38,(anonymous_65)
FN:39,(anonymous_66)
FN:39,(anonymous_67)
FN:40,(anonymous_68)
FN:40,(anonymous_69)
FN:41,(anonymous_70)
FN:41,(anonymous_71)
FN:42,(anonymous_72)
FN:42,(anonymous_73)
FN:43,(anonymous_74)
FN:43,(anonymous_75)
FN:44,(anonymous_76)
FN:44,(anonymous_77)
FN:45,(anonymous_78)
FN:45,(anonymous_79)
FN:47,PageLoader
FN:55,App
FNF:72
FNH:0
FNDA:0,(anonymous_10)
FNDA:0,(anonymous_11)
FNDA:0,(anonymous_12)
FNDA:0,(anonymous_13)
FNDA:0,(anonymous_14)
FNDA:0,(anonymous_15)
FNDA:0,(anonymous_16)
FNDA:0,(anonymous_17)
FNDA:0,(anonymous_18)
FNDA:0,(anonymous_19)
FNDA:0,(anonymous_20)
FNDA:0,(anonymous_21)
FNDA:0,(anonymous_22)
FNDA:0,(anonymous_23)
FNDA:0,(anonymous_24)
FNDA:0,(anonymous_25)
FNDA:0,(anonymous_26)
FNDA:0,(anonymous_27)
FNDA:0,(anonymous_28)
FNDA:0,(anonymous_29)
FNDA:0,(anonymous_30)
FNDA:0,(anonymous_31)
FNDA:0,(anonymous_32)
FNDA:0,(anonymous_33)
FNDA:0,(anonymous_34)
FNDA:0,(anonymous_35)
FNDA:0,(anonymous_36)
FNDA:0,(anonymous_37)
FNDA:0,(anonymous_38)
FNDA:0,(anonymous_39)
FNDA:0,(anonymous_40)
FNDA:0,(anonymous_41)
FNDA:0,(anonymous_42)
FNDA:0,(anonymous_43)
FNDA:0,(anonymous_44)
FNDA:0,(anonymous_45)
FNDA:0,(anonymous_46)
FNDA:0,(anonymous_47)
FNDA:0,(anonymous_48)
FNDA:0,(anonymous_49)
FNDA:0,(anonymous_50)
FNDA:0,(anonymous_51)
FNDA:0,(anonymous_52)
FNDA:0,(anonymous_53)
FNDA:0,(anonymous_54)
FNDA:0,(anonymous_55)
FNDA:0,(anonymous_56)
FNDA:0,(anonymous_57)
FNDA:0,(anonymous_58)
FNDA:0,(anonymous_59)
FNDA:0,(anonymous_60)
FNDA:0,(anonymous_61)
FNDA:0,(anonymous_62)
FNDA:0,(anonymous_63)
FNDA:0,(anonymous_64)
FNDA:0,(anonymous_65)
FNDA:0,(anonymous_66)
FNDA:0,(anonymous_67)
FNDA:0,(anonymous_68)
FNDA:0,(anonymous_69)
FNDA:0,(anonymous_70)
FNDA:0,(anonymous_71)
FNDA:0,(anonymous_72)
FNDA:0,(anonymous_73)
FNDA:0,(anonymous_74)
FNDA:0,(anonymous_75)
FNDA:0,(anonymous_76)
FNDA:0,(anonymous_77)
FNDA:0,(anonymous_78)
FNDA:0,(anonymous_79)
FNDA:0,PageLoader
FNDA:0,App
DA:1,0
DA:2,0
DA:3,0
DA:4,0
DA:5,0
DA:6,0
DA:8,0
DA:9,0
DA:10,0
DA:11,0
DA:12,0
DA:13,0
DA:14,0
DA:15,0
DA:16,0
DA:17,0
DA:18,0
DA:22,0
DA:23,0
DA:24,0
DA:25,0
DA:26,0
DA:27,0
DA:28,0
DA:29,0
DA:30,0
DA:31,0
DA:32,0
DA:33,0
DA:34,0
DA:35,0
DA:36,0
DA:37,0
DA:38,0
DA:39,0
DA:40,0
DA:41,0
DA:42,0
DA:43,0
DA:44,0
DA:45,0
DA:48,0
DA:55,0
DA:56,0
LF:44
LH:0
BRF:0
BRH:0
end_of_record
TN:
SF:src/components/AiBadge.tsx
FN:6,AiBadge
FNF:1
FNH:0
FNDA:0,AiBadge
DA:6,0
DA:7,0
LF:2
LH:0
BRDA:6,0,0,0
BRDA:9,1,0,0
BRDA:9,1,1,0
BRDA:9,2,0,0
BRDA:9,2,1,0
BRF:5
BRH:0
end_of_record
TN:
SF:src/components/BadgeChip.tsx
FN:24,BadgeIcon
FN:44,BadgeChip
FNF:2
FNH:0
FNDA:0,BadgeIcon
FNDA:0,BadgeChip
DA:11,0
DA:25,0
DA:26,0
DA:28,0
DA:30,0
DA:32,0
DA:34,0
DA:36,0
DA:38,0
DA:40,0
DA:44,0
DA:45,0
DA:46,0
DA:47,0
DA:48,0
DA:49,0
DA:51,0
LF:17
LH:0
BRDA:28,0,0,0
BRDA:28,0,1,0
BRDA:28,0,2,0
BRDA:28,0,3,0
BRDA:28,0,4,0
BRDA:28,0,5,0
BRDA:44,1,0,0
BRDA:44,2,0,0
BRDA:44,3,0,0
BRDA:46,4,0,0
BRDA:46,4,1,0
BRDA:47,5,0,0
BRDA:47,5,1,0
BRDA:48,6,0,0
BRDA:48,6,1,0
BRDA:49,7,0,0
BRDA:49,7,1,0
BRDA:57,8,0,0
BRDA:57,8,1,0
BRDA:65,9,0,0
BRDA:65,9,1,0
BRDA:67,10,0,0
BRDA:67,10,1,0
BRDA:68,11,0,0
BRDA:68,11,1,0
BRDA:70,12,0,0
BRDA:70,12,1,0
BRF:27
BRH:0
end_of_record
TN:
SF:src/components/BetaBanner.tsx
FN:4,BetaBanner
FN:5,(anonymous_1)
FN:33,(anonymous_2)
FNF:3
FNH:0
FNDA:0,BetaBanner
FNDA:0,(anonymous_1)
FNDA:0,(anonymous_2)
DA:1,0
DA:2,0
DA:4,0
DA:5,0
DA:6,0
DA:9,0
DA:11,0
DA:34,0
DA:35,0
LF:9
LH:0
BRDA:9,0,0,0
BRF:1
BRH:0
end_of_record
TN:
SF:src/components/BottomNav.tsx
FN:4,BottomNav
FN:14,(anonymous_1)
FN:25,(anonymous_2)
FN:37,(anonymous_3)
FN:54,(anonymous_4)
FNF:5
FNH:0
FNDA:0,BottomNav
FNDA:0,(anonymous_1)
FNDA:0,(anonymous_2)
FNDA:0,(anonymous_3)
FNDA:0,(anonymous_4)
DA:1,0
DA:2,0
DA:4,0
DA:5,0
DA:6,0
DA:7,0
DA:9,0
DA:15,0
DA:26,0
DA:38,0
DA:45,0
DA:55,0
DA:56,0
LF:13
LH:0
BRDA:15,0,0,0
BRDA:15,0,1,0
BRDA:15,1,0,0
BRDA:15,1,1,0
BRDA:26,2,0,0
BRDA:26,2,1,0
BRDA:36,3,0,0
BRDA:36,3,1,0
BRDA:38,4,0,0
BRDA:38,4,1,0
BRDA:38,5,0,0
BRDA:38,5,1,0
BRDA:55,6,0,0
BRDA:55,6,1,0
BRDA:67,7,0,0
BRDA:67,7,1,0
BRDA:74,8,0,0
BRDA:74,8,1,0
BRDA:74,8,2,0
BRDA:76,9,0,0
BRDA:76,9,1,0
BRDA:82,10,0,0
BRDA:82,10,1,0
BRF:23
BRH:0
end_of_record
TN:
SF:src/components/ClaimProgressBar.tsx
FN:14,ClaimProgressBar
FN:15,(anonymous_2)
FN:19,(anonymous_3)
FNF:3
FNH:0
FNDA:0,ClaimProgressBar
FNDA:0,(anonymous_2)
FNDA:0,(anonymous_3)
DA:1,0
DA:7,0
DA:14,0
DA:15,0
DA:16,0
DA:20,0
LF:6
LH:0
BRDA:23,0,0,0
BRDA:23,0,1,0
BRDA:24,1,0,0
BRDA:24,1,1,0
BRDA:27,2,0,0
BRDA:27,2,1,0
BRDA:30,3,0,0
BRDA:30,3,1,0
BRDA:33,4,0,0
BRDA:33,4,1,0
BRDA:34,5,0,0
BRDA:34,5,1,0
BRF:12
BRH:0
end_of_record
TN:
SF:src/components/CohortContext.tsx
FN:14,CohortContext
FNF:1
FNH:0
FNDA:0,CohortContext
DA:1,0
DA:3,0
DA:14,0
DA:15,0
DA:16,0
DA:18,0
DA:19,0
DA:21,0
LF:8
LH:0
BRDA:16,0,0,0
BRDA:36,1,0,0
BRDA:36,1,1,0
BRF:3
BRH:0
end_of_record
TN:
SF:src/components/CompareBar.tsx
FN:4,CompareBar
FN:10,(anonymous_1)
FN:11,(anonymous_2)
FN:23,(anonymous_3)
FN:30,(anonymous_4)
FN:42,(anonymous_5)
FNF:6
FNH:0
FNDA:0,CompareBar
FNDA:0,(anonymous_1)
FNDA:0,(anonymous_2)
FNDA:0,(anonymous_3)
FNDA:0,(anonymous_4)
FNDA:0,(anonymous_5)
DA:1,0
DA:2,0
DA:4,0
DA:5,0
DA:6,0
DA:8,0
DA:10,0
DA:11,0
DA:12,0
DA:15,0
DA:24,0
DA:30,0
DA:43,0
LF:13
LH:0
BRDA:8,0,0,0
BRDA:64,1,0,0
BRDA:64,1,1,0
BRF:3
BRH:0
end_of_record
TN:
SF:src/components/ConsentDialog.tsx
FN:14,ConsentDialog
FN:26,(anonymous_8)
FN:26,(anonymous_9)
FNF:3
FNH:0
FNDA:0,ConsentDialog
FNDA:0,(anonymous_8)
FNDA:0,(anonymous_9)
DA:1,0
DA:14,0
DA:24,0
DA:26,0
DA:27,0
DA:28,0
DA:29,0
DA:31,0
DA:32,0
DA:36,0
LF:10
LH:0
BRDA:22,0,0,0
BRDA:31,1,0,0
BRDA:31,1,1,0
BRDA:54,2,0,0
BRDA:54,2,1,0
BRDA:84,3,0,0
BRDA:84,3,1,0
BRDA:103,4,0,0
BRDA:103,4,1,0
BRF:9
BRH:0
end_of_record
TN:
SF:src/components/ConstellationField.tsx
FN:63,gaussianRandom
FN:71,ConstellationField
FN:81,(anonymous_11)
FN:172,(anonymous_12)
FN:188,(anonymous_13)
FN:198,(anonymous_14)
FN:209,(anonymous_15)
FN:222,(anonymous_16)
FN:235,(anonymous_17)
FN:252,(anonymous_18)
FN:254,(anonymous_19)
FNF:11
FNH:0
FNDA:0,gaussianRandom
FNDA:0,ConstellationField
FNDA:0,(anonymous_11)
FNDA:0,(anonymous_12)
FNDA:0,(anonymous_13)
FNDA:0,(anonymous_14)
FNDA:0,(anonymous_15)
FNDA:0,(anonymous_16)
FNDA:0,(anonymous_17)
FNDA:0,(anonymous_18)
FNDA:0,(anonymous_19)
DA:1,0
DA:2,0
DA:4,0
DA:46,0
DA:64,0
DA:65,0
DA:66,0
DA:68,0
DA:71,0
DA:72,0
DA:73,0
DA:74,0
DA:75,0
DA:76,0
DA:77,0
DA:78,0
DA:79,0
DA:81,0
DA:82,0
DA:83,0
DA:86,0
DA:87,0
DA:89,0
DA:95,0
DA:96,0
DA:97,0
DA:99,0
DA:100,0
DA:101,0
DA:102,0
DA:103,0
DA:106,0
DA:107,0
DA:108,0
DA:109,0
DA:110,0
DA:111,0
DA:114,0
DA:115,0
DA:116,0
DA:117,0
DA:118,0
DA:119,0
DA:121,0
DA:122,0
DA:123,0
DA:124,0
DA:128,0
DA:129,0
DA:130,0
DA:131,0
DA:132,0
DA:135,0
DA:136,0
DA:137,0
DA:138,0
DA:139,0
DA:140,0
DA:142,0
DA:155,0
DA:157,0
DA:158,0
DA:161,0
DA:162,0
DA:163,0
DA:164,0
DA:165,0
DA:168,0
DA:169,0
DA:172,0
DA:173,0
DA:174,0
DA:175,0
DA:177,0
DA:178,0
DA:180,0
DA:181,0
DA:188,0
DA:189,0
DA:192,0
DA:193,0
DA:194,0
DA:197,0
DA:199,0
DA:203,0
DA:206,0
DA:207,0
DA:209,0
DA:210,0
DA:212,0
DA:214,0
DA:215,0
DA:217,0
DA:219,0
DA:222,0
DA:223,0
DA:224,0
DA:225,0
DA:226,0
DA:227,0
DA:228,0
DA:229,0
DA:232,0
DA:235,0
DA:236,0
DA:237,0
DA:238,0
DA:239,0
DA:240,0
DA:241,0
DA:242,0
DA:243,0
DA:244,0
DA:245,0
DA:246,0
DA:247,0
DA:252,0
DA:253,0
DA:254,0
DA:255,0
DA:259,0
LF:121
LH:0
BRDA:83,0,0,0
BRDA:180,1,0,0
BRDA:212,2,0,0
BRDA:223,3,0,0
BRDA:246,4,0,0
BRDA:255,5,0,0
BRDA:255,5,1,0
BRDA:255,6,0,0
BRDA:255,6,1,0
BRF:9
BRH:0
end_of_record
TN:
SF:src/components/ContactPreferences.tsx
FN:9,ContactPreferences
FN:27,(anonymous_8)
FN:27,(anonymous_9)
FN:68,(anonymous_10)
FN:107,(anonymous_11)
FN:122,(anonymous_12)
FN:143,(anonymous_13)
FN:156,(anonymous_14)
FN:169,(anonymous_15)
FN:191,(anonymous_16)
FN:204,(anonymous_17)
FN:217,(anonymous_18)
FN:235,(anonymous_19)
FN:248,(anonymous_20)
FN:261,(anonymous_21)
FNF:15
FNH:0
FNDA:0,ContactPreferences
FNDA:0,(anonymous_8)
FNDA:0,(anonymous_9)
FNDA:0,(anonymous_10)
FNDA:0,(anonymous_11)
FNDA:0,(anonymous_12)
FNDA:0,(anonymous_13)
FNDA:0,(anonymous_14)
FNDA:0,(anonymous_15)
FNDA:0,(anonymous_16)
FNDA:0,(anonymous_17)
FNDA:0,(anonymous_18)
FNDA:0,(anonymous_19)
FNDA:0,(anonymous_20)
FNDA:0,(anonymous_21)
DA:1,0
DA:9,0
DA:10,0
DA:11,0
DA:12,0
DA:13,0
DA:15,0
DA:16,0
DA:17,0
DA:19,0
DA:20,0
DA:21,0
DA:23,0
DA:24,0
DA:25,0
DA:27,0
DA:28,0
DA:29,0
DA:30,0
DA:32,0
DA:33,0
DA:39,0
DA:40,0
DA:46,0
DA:56,0
DA:62,0
DA:63,0
DA:64,0
DA:67,0
DA:68,0
DA:69,0
DA:70,0
DA:73,0
DA:75,0
DA:79,0
DA:80,0
DA:87,0
DA:107,0
DA:122,0
DA:143,0
DA:156,0
DA:169,0
DA:191,0
DA:204,0
DA:217,0
DA:235,0
DA:248,0
DA:261,0
LF:48
LH:0
BRDA:39,0,0,0
BRDA:39,0,1,0
BRDA:62,1,0,0
BRDA:64,2,0,0
BRDA:64,2,1,0
BRDA:70,3,0,0
BRDA:70,3,1,0
BRDA:70,4,0,0
BRDA:70,4,1,0
BRDA:73,5,0,0
BRDA:73,5,1,0
BRDA:79,6,0,0
BRDA:134,7,0,0
BRDA:134,7,1,0
BRDA:178,8,0,0
BRDA:178,8,1,0
BRDA:270,9,0,0
BRDA:270,9,1,0
BRDA:281,10,0,0
BRDA:281,10,1,0
BRF:20
BRH:0
end_of_record
TN:
SF:src/components/DonationAttributionBanner.tsx
FN:8,DonationAttributionBanner
FN:13,(anonymous_8)
FN:27,(anonymous_9)
FN:27,(anonymous_10)
FNF:4
FNH:0
FNDA:0,DonationAttributionBanner
FNDA:0,(anonymous_8)
FNDA:0,(anonymous_9)
FNDA:0,(anonymous_10)
DA:1,0
DA:8,0
DA:9,0
DA:10,0
DA:13,0
DA:14,0
DA:15,0
DA:16,0
DA:17,0
DA:18,0
DA:19,0
DA:20,0
DA:22,0
DA:27,0
DA:28,0
DA:29,0
DA:30,0
DA:36,0
DA:38,0
DA:39,0
DA:40,0
DA:43,0
DA:45,0
DA:49,0
DA:51,0
LF:25
LH:0
BRDA:16,0,0,0
BRDA:19,1,0,0
BRDA:19,1,1,0
BRDA:36,2,0,0
BRDA:49,3,0,0
BRDA:64,4,0,0
BRDA:64,4,1,0
BRF:7
BRH:0
end_of_record
TN:
SF:src/components/ErrorBoundary.tsx
FN:14,looksLikeChunkError
FN:24,(anonymous_1)
FN:27,(anonymous_2)
FN:31,(anonymous_3)
FN:36,(anonymous_4)
FN:55,(anonymous_5)
FNF:6
FNH:0
FNDA:0,looksLikeChunkError
FNDA:0,(anonymous_1)
FNDA:0,(anonymous_2)
FNDA:0,(anonymous_3)
FNDA:0,(anonymous_4)
FNDA:0,(anonymous_5)
DA:1,0
DA:15,0
DA:16,0
DA:24,0
DA:25,0
DA:28,0
DA:33,0
DA:37,0
DA:39,0
DA:41,0
DA:55,0
LF:11
LH:0
BRDA:15,0,0,0
BRDA:15,0,1,0
BRDA:15,1,0,0
BRDA:15,1,1,0
BRDA:15,2,0,0
BRDA:15,2,1,0
BRDA:15,3,0,0
BRDA:15,3,1,0
BRDA:15,4,0,0
BRDA:15,4,1,0
BRDA:15,5,0,0
BRDA:15,5,1,0
BRDA:15,6,0,0
BRDA:15,6,1,0
BRDA:15,7,0,0
BRDA:15,7,1,0
BRDA:17,8,0,0
BRDA:17,8,1,0
BRDA:17,8,2,0
BRDA:17,8,3,0
BRDA:37,9,0,0
BRDA:46,10,0,0
BRDA:46,10,1,0
BRDA:49,11,0,0
BRDA:49,11,1,0
BRF:25
BRH:0
end_of_record
TN:
SF:src/components/FilterSheet.tsx
FN:69,FilterSheet
FN:75,(anonymous_1)
FN:77,(anonymous_2)
FN:127,(anonymous_3)
FN:138,(anonymous_4)
FN:141,(anonymous_5)
FN:161,(anonymous_6)
FN:166,(anonymous_7)
FN:171,(anonymous_8)
FN:176,(anonymous_9)
FN:189,(anonymous_10)
FN:192,(anonymous_11)
FN:214,(anonymous_12)
FN:217,(anonymous_13)
FN:236,(anonymous_14)
FNF:15
FNH:0
FNDA:0,FilterSheet
FNDA:0,(anonymous_1)
FNDA:0,(anonymous_2)
FNDA:0,(anonymous_3)
FNDA:0,(anonymous_4)
FNDA:0,(anonymous_5)
FNDA:0,(anonymous_6)
FNDA:0,(anonymous_7)
FNDA:0,(anonymous_8)
FNDA:0,(anonymous_9)
FNDA:0,(anonymous_10)
FNDA:0,(anonymous_11)
FNDA:0,(anonymous_12)
FNDA:0,(anonymous_13)
FNDA:0,(anonymous_14)
DA:1,0
DA:2,0
DA:7,0
DA:12,0
DA:26,0
DA:30,0
DA:35,0
DA:44,0
DA:69,0
DA:75,0
DA:76,0
DA:77,0
DA:80,0
DA:82,0
DA:90,0
DA:127,0
DA:139,0
DA:141,0
DA:161,0
DA:167,0
DA:172,0
DA:177,0
DA:190,0
DA:192,0
DA:215,0
DA:217,0
DA:236,0
LF:27
LH:0
BRDA:71,0,0,0
BRDA:76,1,0,0
BRDA:76,1,1,0
BRDA:80,2,0,0
BRDA:104,3,0,0
BRDA:104,3,1,0
BRDA:121,4,0,0
BRDA:121,4,1,0
BRDA:144,5,0,0
BRDA:144,5,1,0
BRDA:145,6,0,0
BRDA:145,6,1,0
BRDA:146,7,0,0
BRDA:146,7,1,0
BRDA:149,8,0,0
BRDA:149,8,1,0
BRDA:192,9,0,0
BRDA:192,9,1,0
BRDA:195,10,0,0
BRDA:195,10,1,0
BRDA:196,11,0,0
BRDA:196,11,1,0
BRDA:197,12,0,0
BRDA:197,12,1,0
BRDA:198,13,0,0
BRDA:198,13,1,0
BRDA:220,14,0,0
BRDA:220,14,1,0
BRDA:221,15,0,0
BRDA:221,15,1,0
BRDA:234,16,0,0
BRDA:234,16,1,0
BRF:32
BRH:0
end_of_record
TN:
SF:src/components/FinancialContext.tsx
FN:7,FinancialContext
FN:16,(anonymous_1)
FN:101,(anonymous_2)
FNF:3
FNH:0
FNDA:0,FinancialContext
FNDA:0,(anonymous_1)
FNDA:0,(anonymous_2)
DA:7,0
DA:8,0
DA:10,0
DA:11,0
DA:12,0
DA:13,0
DA:16,0
DA:17,0
DA:18,0
DA:25,0
DA:26,0
DA:34,0
DA:42,0
DA:44,0
DA:102,0
LF:15
LH:0
BRDA:8,0,0,0
BRDA:17,1,0,0
BRDA:25,2,0,0
BRDA:54,3,0,0
BRDA:54,3,1,0
BRDA:55,4,0,0
BRDA:55,4,1,0
BRDA:56,5,0,0
BRDA:56,5,1,0
BRDA:65,6,0,0
BRDA:65,6,1,0
BRDA:65,6,2,0
BRDA:78,7,0,0
BRDA:78,7,1,0
BRDA:97,8,0,0
BRDA:97,8,1,0
BRDA:97,8,2,0
BRDA:111,9,0,0
BRDA:111,9,1,0
BRF:19
BRH:0
end_of_record
TN:
SF:src/components/Footer.tsx
FN:42,Footer
FN:59,(anonymous_1)
FN:65,(anonymous_2)
FNF:3
FNH:0
FNDA:0,Footer
FNDA:0,(anonymous_1)
FNDA:0,(anonymous_2)
DA:1,0
DA:3,0
DA:42,0
DA:43,0
DA:60,0
DA:66,0
LF:6
LH:0
BRF:0
BRH:0
end_of_record
TN:
SF:src/components/GoogleSignInButton.tsx
FN:4,GoogleSignInButton
FN:9,(anonymous_17)
FN:9,(anonymous_18)
FN:48,MagicLinkForm
FN:54,(anonymous_20)
FN:54,(anonymous_21)
FN:74,(anonymous_22)
FNF:7
FNH:0
FNDA:0,GoogleSignInButton
FNDA:0,(anonymous_17)
FNDA:0,(anonymous_18)
FNDA:0,MagicLinkForm
FNDA:0,(anonymous_20)
FNDA:0,(anonymous_21)
FNDA:0,(anonymous_22)
DA:1,0
DA:2,0
DA:4,0
DA:5,0
DA:6,0
DA:7,0
DA:9,0
DA:10,0
DA:11,0
DA:12,0
DA:13,0
DA:14,0
DA:16,0
DA:18,0
DA:20,0
DA:24,0
DA:48,0
DA:49,0
DA:50,0
DA:51,0
DA:52,0
DA:54,0
DA:55,0
DA:56,0
DA:57,0
DA:58,0
DA:59,0
DA:60,0
DA:61,0
DA:63,0
DA:65,0
DA:69,0
DA:74,0
LF:33
LH:0
BRDA:14,0,0,0
BRDA:14,0,1,0
BRDA:14,1,0,0
BRDA:14,1,1,0
BRDA:16,2,0,0
BRDA:16,2,1,0
BRDA:18,3,0,0
BRDA:29,4,0,0
BRDA:29,4,1,0
BRDA:41,5,0,0
BRDA:41,5,1,0
BRDA:43,6,0,0
BRDA:43,6,1,0
BRDA:56,7,0,0
BRDA:84,8,0,0
BRDA:84,8,1,0
BRDA:86,9,0,0
BRDA:86,9,1,0
BRF:18
BRH:0
end_of_record
TN:
SF:src/components/ImpactWidget.tsx
FN:21,ImpactWidget
FN:26,(anonymous_8)
FN:27,(anonymous_9)
FN:27,(anonymous_10)
FNF:4
FNH:0
FNDA:0,ImpactWidget
FNDA:0,(anonymous_8)
FNDA:0,(anonymous_9)
FNDA:0,(anonymous_10)
DA:1,0
DA:21,0
DA:22,0
DA:23,0
DA:24,0
DA:26,0
DA:27,0
DA:28,0
DA:29,0
DA:30,0
DA:31,0
DA:33,0
DA:34,0
DA:35,0
DA:36,0
DA:38,0
DA:41,0
DA:42,0
DA:44,0
DA:48,0
DA:51,0
DA:52,0
DA:59,0
DA:60,0
DA:63,0
DA:64,0
DA:93,0
LF:27
LH:0
BRDA:21,0,0,0
BRDA:21,1,0,0
BRDA:31,2,0,0
BRDA:34,3,0,0
BRDA:34,3,1,0
BRDA:51,4,0,0
BRDA:53,5,0,0
BRDA:53,5,1,0
BRDA:59,6,0,0
BRDA:59,7,0,0
BRDA:59,7,1,0
BRDA:63,8,0,0
BRDA:70,9,0,0
BRDA:70,9,1,0
BRDA:76,10,0,0
BRDA:76,10,1,0
BRDA:82,11,0,0
BRDA:82,11,1,0
BRDA:100,12,0,0
BRDA:100,12,1,0
BRDA:100,13,0,0
BRDA:100,13,1,0
BRDA:100,14,0,0
BRDA:100,14,1,0
BRDA:105,15,0,0
BRDA:105,15,1,0
BRDA:111,16,0,0
BRDA:111,16,1,0
BRDA:116,17,0,0
BRDA:116,17,1,0
BRDA:122,18,0,0
BRDA:122,18,1,0
BRDA:130,19,0,0
BRDA:130,19,1,0
BRDA:130,19,2,0
BRDA:136,20,0,0
BRDA:136,20,1,0
BRDA:141,21,0,0
BRDA:141,21,1,0
BRF:39
BRH:0
end_of_record
TN:
SF:src/components/LampMark.tsx
FN:28,LampMark
FN:43,(anonymous_1)
FNF:2
FNH:0
FNDA:0,LampMark
FNDA:0,(anonymous_1)
DA:2,0
DA:4,0
DA:8,0
DA:28,0
DA:29,0
DA:30,0
DA:31,0
DA:33,0
DA:43,0
LF:9
LH:0
BRDA:28,0,0,0
BRDA:28,1,0,0
BRDA:40,2,0,0
BRDA:40,2,1,0
BRDA:41,3,0,0
BRDA:41,3,1,0
BRDA:42,4,0,0
BRDA:42,4,1,0
BRDA:43,5,0,0
BRDA:43,5,1,0
BRDA:43,6,0,0
BRDA:43,7,0,0
BRDA:43,7,1,0
BRDA:44,8,0,0
BRDA:44,8,1,0
BRDA:44,9,0,0
BRDA:44,9,1,0
BRF:17
BRH:0
end_of_record
TN:
SF:src/components/Layout.tsx
FN:10,Layout
FN:14,(anonymous_2)
FN:16,(anonymous_3)
FNF:3
FNH:0
FNDA:0,Layout
FNDA:0,(anonymous_2)
FNDA:0,(anonymous_3)
DA:1,0
DA:2,0
DA:3,0
DA:4,0
DA:5,0
DA:6,0
DA:7,0
DA:8,0
DA:10,0
DA:11,0
DA:14,0
DA:15,0
DA:16,0
DA:20,0
DA:22,0
LF:15
LH:0
BRDA:29,0,0,0
BRDA:29,0,1,0
BRF:2
BRH:0
end_of_record
TN:
SF:src/components/LightRevealField.tsx
FN:70,layout
FN:76,(anonymous_10)
FN:87,LightRevealField
FN:103,(anonymous_12)
FN:115,(anonymous_13)
FN:128,(anonymous_14)
FN:129,(anonymous_15)
FN:130,(anonymous_16)
FN:135,(anonymous_17)
FN:150,(anonymous_18)
FN:211,(anonymous_19)
FN:218,(anonymous_20)
FN:226,(anonymous_21)
FN:235,(anonymous_22)
FN:250,(anonymous_23)
FN:256,(anonymous_24)
FN:261,(anonymous_25)
FN:265,(anonymous_26)
FN:268,(anonymous_27)
FN:269,(anonymous_28)
FN:290,(anonymous_29)
FNF:21
FNH:0
FNDA:0,layout
FNDA:0,(anonymous_10)
FNDA:0,LightRevealField
FNDA:0,(anonymous_12)
FNDA:0,(anonymous_13)
FNDA:0,(anonymous_14)
FNDA:0,(anonymous_15)
FNDA:0,(anonymous_16)
FNDA:0,(anonymous_17)
FNDA:0,(anonymous_18)
FNDA:0,(anonymous_19)
FNDA:0,(anonymous_20)
FNDA:0,(anonymous_21)
FNDA:0,(anonymous_22)
FNDA:0,(anonymous_23)
FNDA:0,(anonymous_24)
FNDA:0,(anonymous_25)
FNDA:0,(anonymous_26)
FNDA:0,(anonymous_27)
FNDA:0,(anonymous_28)
FNDA:0,(anonymous_29)
DA:1,0
DA:2,0
DA:3,0
DA:18,0
DA:52,0
DA:71,0
DA:72,0
DA:73,0
DA:74,0
DA:75,0
DA:76,0
DA:77,0
DA:78,0
DA:79,0
DA:80,0
DA:81,0
DA:82,0
DA:83,0
DA:87,0
DA:94,0
DA:95,0
DA:96,0
DA:97,0
DA:98,0
DA:99,0
DA:100,0
DA:101,0
DA:103,0
DA:104,0
DA:105,0
DA:106,0
DA:107,0
DA:108,0
DA:109,0
DA:110,0
DA:115,0
DA:116,0
DA:117,0
DA:119,0
DA:120,0
DA:121,0
DA:122,0
DA:124,0
DA:127,0
DA:128,0
DA:129,0
DA:130,0
DA:131,0
DA:133,0
DA:135,0
DA:136,0
DA:137,0
DA:138,0
DA:139,0
DA:140,0
DA:141,0
DA:143,0
DA:145,0
DA:146,0
DA:147,0
DA:148,0
DA:150,0
DA:151,0
DA:152,0
DA:153,0
DA:155,0
DA:157,0
DA:158,0
DA:159,0
DA:162,0
DA:163,0
DA:164,0
DA:165,0
DA:167,0
DA:168,0
DA:169,0
DA:173,0
DA:175,0
DA:176,0
DA:178,0
DA:179,0
DA:180,0
DA:181,0
DA:182,0
DA:183,0
DA:185,0
DA:186,0
DA:187,0
DA:188,0
DA:189,0
DA:190,0
DA:191,0
DA:193,0
DA:205,0
DA:207,0
DA:209,0
DA:210,0
DA:211,0
DA:214,0
DA:216,0
DA:217,0
DA:218,0
DA:219,0
DA:220,0
DA:221,0
DA:222,0
DA:224,0
DA:226,0
DA:227,0
DA:228,0
DA:229,0
DA:230,0
DA:231,0
DA:233,0
DA:235,0
DA:236,0
DA:237,0
DA:238,0
DA:239,0
DA:240,0
DA:241,0
DA:242,0
DA:243,0
DA:245,0
DA:250,0
DA:251,0
DA:252,0
DA:253,0
DA:254,0
DA:256,0
DA:257,0
DA:258,0
DA:259,0
DA:261,0
DA:262,0
DA:263,0
DA:265,0
DA:268,0
DA:269,0
DA:270,0
DA:271,0
DA:272,0
DA:274,0
DA:277,0
DA:291,0
DA:292,0
DA:293,0
DA:294,0
LF:148
LH:0
BRDA:81,0,0,0
BRDA:81,0,1,0
BRDA:82,1,0,0
BRDA:82,1,1,0
BRDA:107,2,0,0
BRDA:108,3,0,0
BRDA:108,4,0,0
BRDA:108,4,1,0
BRDA:110,5,0,0
BRDA:110,5,1,0
BRDA:110,6,0,0
BRDA:110,6,1,0
BRDA:117,7,0,0
BRDA:117,8,0,0
BRDA:117,8,1,0
BRDA:155,9,0,0
BRDA:155,9,1,0
BRDA:164,10,0,0
BRDA:164,10,1,0
BRDA:165,11,0,0
BRDA:165,11,1,0
BRDA:220,12,0,0
BRDA:242,13,0,0
BRDA:252,14,0,0
BRDA:258,15,0,0
BRDA:258,15,1,0
BRDA:258,16,0,0
BRDA:258,16,1,0
BRDA:262,17,0,0
BRDA:272,18,0,0
BRDA:299,19,0,0
BRDA:299,19,1,0
BRDA:303,20,0,0
BRDA:303,20,1,0
BRDA:304,21,0,0
BRDA:304,21,1,0
BRDA:338,22,0,0
BRDA:338,22,1,0
BRF:38
BRH:0
end_of_record
TN:
SF:src/components/LogFunding.tsx
FN:9,LogFunding
FN:18,(anonymous_8)
FN:18,(anonymous_9)
FN:79,(anonymous_10)
FN:101,(anonymous_11)
FN:116,(anonymous_12)
FN:131,(anonymous_13)
FN:147,(anonymous_14)
FNF:8
FNH:0
FNDA:0,LogFunding
FNDA:0,(anonymous_8)
FNDA:0,(anonymous_9)
FNDA:0,(anonymous_10)
FNDA:0,(anonymous_11)
FNDA:0,(anonymous_12)
FNDA:0,(anonymous_13)
FNDA:0,(anonymous_14)
DA:1,0
DA:2,0
DA:3,0
DA:9,0
DA:10,0
DA:11,0
DA:12,0
DA:13,0
DA:14,0
DA:15,0
DA:16,0
DA:18,0
DA:19,0
DA:20,0
DA:23,0
DA:24,0
DA:25,0
DA:28,0
DA:30,0
DA:31,0
DA:32,0
DA:33,0
DA:34,0
DA:35,0
DA:38,0
DA:39,0
DA:40,0
DA:41,0
DA:44,0
DA:45,0
DA:46,0
DA:49,0
DA:52,0
DA:53,0
DA:54,0
DA:55,0
DA:57,0
DA:59,0
DA:61,0
DA:65,0
DA:79,0
DA:101,0
DA:116,0
DA:131,0
DA:147,0
LF:45
LH:0
BRDA:23,0,0,0
BRDA:32,1,0,0
BRDA:39,2,0,0
BRDA:39,3,0,0
BRDA:39,3,1,0
BRDA:44,4,0,0
BRDA:44,5,0,0
BRDA:44,5,1,0
BRDA:57,6,0,0
BRDA:57,6,1,0
BRDA:57,7,0,0
BRDA:57,7,1,0
BRDA:59,8,0,0
BRDA:59,8,1,0
BRDA:67,9,0,0
BRDA:67,9,1,0
BRDA:69,10,0,0
BRDA:69,10,1,0
BRDA:73,11,0,0
BRDA:73,11,1,0
BRDA:76,12,0,0
BRDA:76,12,1,0
BRDA:159,13,0,0
BRDA:159,13,1,0
BRF:24
BRH:0
end_of_record
TN:
SF:src/components/LogVolunteerHours.tsx
FN:11,LogVolunteerHours
FN:32,(anonymous_9)
FN:32,(anonymous_10)
FN:44,(anonymous_11)
FN:44,(anonymous_12)
FN:62,(anonymous_13)
FN:63,(anonymous_14)
FN:73,(anonymous_15)
FN:78,(anonymous_16)
FN:81,(anonymous_17)
FN:89,(anonymous_18)
FN:90,(anonymous_19)
FN:97,(anonymous_20)
FN:120,(anonymous_21)
FN:120,(anonymous_22)
FN:140,(anonymous_23)
FN:140,(anonymous_24)
FN:170,(anonymous_25)
FN:202,(anonymous_26)
FN:221,(anonymous_27)
FN:225,(anonymous_28)
FN:321,(anonymous_29)
FN:344,(anonymous_30)
FN:378,(anonymous_31)
FN:378,(anonymous_32)
FN:382,(anonymous_33)
FNF:26
FNH:0
FNDA:0,LogVolunteerHours
FNDA:0,(anonymous_9)
FNDA:0,(anonymous_10)
FNDA:0,(anonymous_11)
FNDA:0,(anonymous_12)
FNDA:0,(anonymous_13)
FNDA:0,(anonymous_14)
FNDA:0,(anonymous_15)
FNDA:0,(anonymous_16)
FNDA:0,(anonymous_17)
FNDA:0,(anonymous_18)
FNDA:0,(anonymous_19)
FNDA:0,(anonymous_20)
FNDA:0,(anonymous_21)
FNDA:0,(anonymous_22)
FNDA:0,(anonymous_23)
FNDA:0,(anonymous_24)
FNDA:0,(anonymous_25)
FNDA:0,(anonymous_26)
FNDA:0,(anonymous_27)
FNDA:0,(anonymous_28)
FNDA:0,(anonymous_29)
FNDA:0,(anonymous_30)
FNDA:0,(anonymous_31)
FNDA:0,(anonymous_32)
FNDA:0,(anonymous_33)
DA:1,0
DA:2,0
DA:3,0
DA:4,0
DA:11,0
DA:12,0
DA:13,0
DA:21,0
DA:22,0
DA:23,0
DA:24,0
DA:25,0
DA:26,0
DA:27,0
DA:28,0
DA:29,0
DA:30,0
DA:32,0
DA:33,0
DA:34,0
DA:35,0
DA:36,0
DA:37,0
DA:40,0
DA:41,0
DA:42,0
DA:44,0
DA:45,0
DA:46,0
DA:51,0
DA:52,0
DA:54,0
DA:55,0
DA:57,0
DA:62,0
DA:63,0
DA:68,0
DA:69,0
DA:70,0
DA:73,0
DA:74,0
DA:75,0
DA:76,0
DA:78,0
DA:80,0
DA:81,0
DA:82,0
DA:83,0
DA:84,0
DA:89,0
DA:90,0
DA:91,0
DA:92,0
DA:97,0
DA:98,0
DA:100,0
DA:101,0
DA:102,0
DA:104,0
DA:105,0
DA:107,0
DA:108,0
DA:110,0
DA:111,0
DA:112,0
DA:116,0
DA:117,0
DA:120,0
DA:121,0
DA:123,0
DA:126,0
DA:127,0
DA:128,0
DA:132,0
DA:133,0
DA:136,0
DA:140,0
DA:141,0
DA:142,0
DA:143,0
DA:144,0
DA:145,0
DA:146,0
DA:147,0
DA:150,0
DA:151,0
DA:161,0
DA:162,0
DA:169,0
DA:170,0
DA:171,0
DA:172,0
DA:175,0
DA:177,0
DA:181,0
DA:182,0
DA:189,0
DA:203,0
DA:204,0
DA:222,0
DA:225,0
DA:321,0
DA:344,0
DA:378,0
DA:379,0
DA:380,0
DA:382,0
LF:107
LH:0
BRDA:34,0,0,0
BRDA:41,1,0,0
BRDA:51,2,0,0
BRDA:51,2,1,0
BRDA:65,3,0,0
BRDA:65,3,1,0
BRDA:66,4,0,0
BRDA:66,4,1,0
BRDA:68,5,0,0
BRDA:68,5,1,0
BRDA:75,6,0,0
BRDA:75,6,1,0
BRDA:80,7,0,0
BRDA:91,8,0,0
BRDA:100,9,0,0
BRDA:100,9,1,0
BRDA:101,10,0,0
BRDA:104,11,0,0
BRDA:107,12,0,0
BRDA:107,12,1,0
BRDA:111,13,0,0
BRDA:111,14,0,0
BRDA:111,14,1,0
BRDA:111,14,2,0
BRDA:123,15,0,0
BRDA:126,16,0,0
BRDA:132,17,0,0
BRDA:132,17,1,0
BRDA:144,18,0,0
BRDA:150,19,0,0
BRDA:150,19,1,0
BRDA:172,20,0,0
BRDA:172,20,1,0
BRDA:172,21,0,0
BRDA:172,21,1,0
BRDA:175,22,0,0
BRDA:175,22,1,0
BRDA:181,23,0,0
BRDA:200,24,0,0
BRDA:200,24,1,0
BRDA:203,25,0,0
BRDA:203,26,0,0
BRDA:203,26,1,0
BRDA:210,27,0,0
BRDA:210,27,1,0
BRDA:213,28,0,0
BRDA:213,28,1,0
BRDA:216,29,0,0
BRDA:216,29,1,0
BRDA:219,30,0,0
BRDA:219,30,1,0
BRDA:219,30,2,0
BRDA:230,31,0,0
BRDA:230,31,1,0
BRDA:230,32,0,0
BRDA:230,32,1,0
BRDA:230,33,0,0
BRDA:230,33,1,0
BRDA:236,34,0,0
BRDA:236,34,1,0
BRDA:236,34,2,0
BRDA:236,34,3,0
BRDA:272,35,0,0
BRDA:272,35,1,0
BRDA:275,36,0,0
BRDA:275,36,1,0
BRDA:293,37,0,0
BRDA:293,37,1,0
BRDA:296,38,0,0
BRDA:296,38,1,0
BRDA:325,39,0,0
BRDA:325,39,1,0
BRDA:332,40,0,0
BRDA:332,40,1,0
BRDA:334,41,0,0
BRDA:334,41,1,0
BRDA:338,42,0,0
BRDA:338,42,1,0
BRDA:341,43,0,0
BRDA:341,43,1,0
BRDA:364,44,0,0
BRDA:364,44,1,0
BRDA:371,45,0,0
BRDA:371,45,1,0
BRDA:373,46,0,0
BRDA:373,46,1,0
BRF:86
BRH:0
end_of_record
TN:
SF:src/components/MistakeRegistry.tsx
FN:5,MistakeRegistry
FNF:1
FNH:0
FNDA:0,MistakeRegistry
DA:5,0
DA:7,0
DA:13,0
DA:14,0
DA:27,0
LF:5
LH:0
BRDA:5,0,0,0
BRDA:13,1,0,0
BRF:2
BRH:0
end_of_record
TN:
SF:src/components/Navigation.tsx
FN:9,Navigation
FN:18,(anonymous_1)
FN:20,(anonymous_2)
FN:27,(anonymous_3)
FN:63,(anonymous_4)
FN:72,(anonymous_5)
FN:73,(anonymous_6)
FN:100,(anonymous_7)
FN:130,(anonymous_8)
FN:148,(anonymous_9)
FN:161,(anonymous_10)
FN:171,(anonymous_11)
FN:175,(anonymous_12)
FN:193,(anonymous_13)
FN:197,(anonymous_14)
FNF:15
FNH:0
FNDA:0,Navigation
FNDA:0,(anonymous_1)
FNDA:0,(anonymous_2)
FNDA:0,(anonymous_3)
FNDA:0,(anonymous_4)
FNDA:0,(anonymous_5)
FNDA:0,(anonymous_6)
FNDA:0,(anonymous_7)
FNDA:0,(anonymous_8)
FNDA:0,(anonymous_9)
FNDA:0,(anonymous_10)
FNDA:0,(anonymous_11)
FNDA:0,(anonymous_12)
FNDA:0,(anonymous_13)
FNDA:0,(anonymous_14)
DA:1,0
DA:2,0
DA:3,0
DA:9,0
DA:10,0
DA:11,0
DA:12,0
DA:13,0
DA:14,0
DA:17,0
DA:18,0
DA:19,0
DA:20,0
DA:25,0
DA:27,0
DA:28,0
DA:29,0
DA:30,0
DA:31,0
DA:32,0
DA:35,0
DA:64,0
DA:72,0
DA:74,0
DA:100,0
DA:130,0
DA:148,0
DA:161,0
DA:172,0
DA:175,0
DA:194,0
DA:197,0
LF:32
LH:0
BRDA:9,0,0,0
BRDA:19,1,0,0
BRDA:19,1,1,0
BRDA:20,2,0,0
BRDA:20,2,1,0
BRDA:30,3,0,0
BRDA:30,3,1,0
BRDA:69,4,0,0
BRDA:69,4,1,0
BRDA:70,5,0,0
BRDA:70,5,1,0
BRDA:74,6,0,0
BRDA:78,7,0,0
BRDA:78,7,1,0
BRDA:89,8,0,0
BRDA:89,8,1,0
BRDA:114,9,0,0
BRDA:114,9,1,0
BRDA:115,10,0,0
BRDA:115,10,1,0
BRDA:117,11,0,0
BRDA:117,11,1,0
BRDA:120,12,0,0
BRDA:120,12,1,0
BRDA:141,13,0,0
BRDA:141,13,1,0
BRF:26
BRH:0
end_of_record
TN:
SF:src/components/OrgCard.tsx
FN:24,getNteeInfo
FN:28,(anonymous_2)
FN:32,AddButton
FN:63,CompareButton
FN:87,FavoriteButton
FN:109,OrgCardRow
FN:117,(anonymous_7)
FN:122,(anonymous_8)
FN:140,(anonymous_9)
FN:178,(anonymous_10)
FN:197,(anonymous_11)
FN:213,OrgCard
FN:222,(anonymous_13)
FN:227,(anonymous_14)
FN:245,(anonymous_15)
FN:289,(anonymous_16)
FN:334,(anonymous_17)
FNF:17
FNH:0
FNDA:0,getNteeInfo
FNDA:0,(anonymous_2)
FNDA:0,AddButton
FNDA:0,CompareButton
FNDA:0,FavoriteButton
FNDA:0,OrgCardRow
FNDA:0,(anonymous_7)
FNDA:0,(anonymous_8)
FNDA:0,(anonymous_9)
FNDA:0,(anonymous_10)
FNDA:0,(anonymous_11)
FNDA:0,OrgCard
FNDA:0,(anonymous_13)
FNDA:0,(anonymous_14)
FNDA:0,(anonymous_15)
FNDA:0,(anonymous_16)
FNDA:0,(anonymous_17)
DA:1,0
DA:2,0
DA:4,0
DA:5,0
DA:6,0
DA:7,0
DA:8,0
DA:9,0
DA:11,0
DA:12,0
DA:25,0
DA:26,0
DA:27,0
DA:28,0
DA:29,0
DA:33,0
DA:64,0
DA:65,0
DA:88,0
DA:89,0
DA:109,0
DA:110,0
DA:111,0
DA:112,0
DA:113,0
DA:114,0
DA:115,0
DA:117,0
DA:118,0
DA:119,0
DA:122,0
DA:123,0
DA:124,0
DA:125,0
DA:127,0
DA:140,0
DA:141,0
DA:142,0
DA:143,0
DA:146,0
DA:179,0
DA:180,0
DA:181,0
DA:182,0
DA:198,0
DA:213,0
DA:214,0
DA:215,0
DA:216,0
DA:217,0
DA:218,0
DA:219,0
DA:220,0
DA:222,0
DA:223,0
DA:224,0
DA:227,0
DA:228,0
DA:229,0
DA:230,0
DA:232,0
DA:245,0
DA:246,0
DA:247,0
DA:248,0
DA:251,0
DA:290,0
DA:291,0
DA:292,0
DA:293,0
DA:335,0
LF:71
LH:0
BRDA:25,0,0,0
BRDA:27,1,0,0
BRDA:27,1,1,0
BRDA:27,2,0,0
BRDA:27,2,1,0
BRDA:28,3,0,0
BRDA:28,3,1,0
BRDA:28,4,0,0
BRDA:28,4,1,0
BRDA:29,5,0,0
BRDA:29,5,1,0
BRDA:29,6,0,0
BRDA:29,6,1,0
BRDA:29,7,0,0
BRDA:29,7,1,0
BRDA:29,8,0,0
BRDA:29,8,1,0
BRDA:36,9,0,0
BRDA:36,9,1,0
BRDA:39,10,0,0
BRDA:39,10,1,0
BRDA:40,11,0,0
BRDA:40,11,1,0
BRDA:41,12,0,0
BRDA:41,12,1,0
BRDA:44,13,0,0
BRDA:44,13,1,0
BRDA:64,14,0,0
BRDA:64,14,1,0
BRDA:68,15,0,0
BRDA:68,15,1,0
BRDA:68,16,0,0
BRDA:68,16,1,0
BRDA:69,17,0,0
BRDA:69,17,1,0
BRDA:75,18,0,0
BRDA:75,18,1,0
BRDA:88,19,0,0
BRDA:88,19,1,0
BRDA:92,20,0,0
BRDA:92,20,1,0
BRDA:98,21,0,0
BRDA:98,21,1,0
BRDA:109,22,0,0
BRDA:114,23,0,0
BRDA:114,23,1,0
BRDA:115,24,0,0
BRDA:115,24,1,0
BRDA:119,25,0,0
BRDA:119,25,1,0
BRDA:119,26,0,0
BRDA:119,26,1,0
BRDA:119,27,0,0
BRDA:119,27,1,0
BRDA:119,28,0,0
BRDA:119,28,1,0
BRDA:119,29,0,0
BRDA:119,29,1,0
BRDA:124,30,0,0
BRDA:124,30,1,0
BRDA:130,31,0,0
BRDA:130,31,1,0
BRDA:131,32,0,0
BRDA:131,32,1,0
BRDA:132,33,0,0
BRDA:132,33,1,0
BRDA:134,34,0,0
BRDA:134,34,1,0
BRDA:135,35,0,0
BRDA:135,35,1,0
BRDA:142,36,0,0
BRDA:142,36,1,0
BRDA:143,37,0,0
BRDA:143,37,1,0
BRDA:143,38,0,0
BRDA:143,38,1,0
BRDA:152,39,0,0
BRDA:152,39,1,0
BRDA:159,40,0,0
BRDA:159,40,1,0
BRDA:159,40,2,0
BRDA:159,41,0,0
BRDA:159,41,1,0
BRDA:159,42,0,0
BRDA:159,42,1,0
BRDA:161,43,0,0
BRDA:161,43,1,0
BRDA:161,44,0,0
BRDA:161,44,1,0
BRDA:163,45,0,0
BRDA:163,45,1,0
BRDA:169,46,0,0
BRDA:169,46,1,0
BRDA:172,47,0,0
BRDA:172,47,1,0
BRDA:172,47,2,0
BRDA:172,47,3,0
BRDA:178,48,0,0
BRDA:178,48,1,0
BRDA:180,49,0,0
BRDA:180,49,1,0
BRDA:180,50,0,0
BRDA:180,50,1,0
BRDA:181,51,0,0
BRDA:186,52,0,0
BRDA:186,52,1,0
BRDA:186,53,0,0
BRDA:186,53,1,0
BRDA:195,54,0,0
BRDA:195,54,1,0
BRDA:206,55,0,0
BRDA:206,55,1,0
BRDA:207,56,0,0
BRDA:207,56,1,0
BRDA:213,57,0,0
BRDA:213,58,0,0
BRDA:214,59,0,0
BRDA:214,59,1,0
BRDA:219,60,0,0
BRDA:219,60,1,0
BRDA:220,61,0,0
BRDA:220,61,1,0
BRDA:224,62,0,0
BRDA:224,62,1,0
BRDA:224,63,0,0
BRDA:224,63,1,0
BRDA:224,64,0,0
BRDA:224,64,1,0
BRDA:224,65,0,0
BRDA:224,65,1,0
BRDA:224,66,0,0
BRDA:224,66,1,0
BRDA:229,67,0,0
BRDA:229,67,1,0
BRDA:235,68,0,0
BRDA:235,68,1,0
BRDA:236,69,0,0
BRDA:236,69,1,0
BRDA:237,70,0,0
BRDA:237,70,1,0
BRDA:239,71,0,0
BRDA:239,71,1,0
BRDA:240,72,0,0
BRDA:240,72,1,0
BRDA:247,73,0,0
BRDA:247,73,1,0
BRDA:248,74,0,0
BRDA:248,74,1,0
BRDA:248,75,0,0
BRDA:248,75,1,0
BRDA:258,76,0,0
BRDA:258,76,1,0
BRDA:263,77,0,0
BRDA:263,77,1,0
BRDA:266,78,0,0
BRDA:266,78,1,0
BRDA:266,78,2,0
BRDA:266,79,0,0
BRDA:266,79,1,0
BRDA:266,80,0,0
BRDA:266,80,1,0
BRDA:268,81,0,0
BRDA:268,81,1,0
BRDA:268,82,0,0
BRDA:268,82,1,0
BRDA:270,83,0,0
BRDA:270,83,1,0
BRDA:284,84,0,0
BRDA:284,84,1,0
BRDA:289,85,0,0
BRDA:289,85,1,0
BRDA:291,86,0,0
BRDA:291,86,1,0
BRDA:291,87,0,0
BRDA:291,87,1,0
BRDA:292,88,0,0
BRDA:299,89,0,0
BRDA:299,89,1,0
BRDA:299,89,2,0
BRDA:313,90,0,0
BRDA:313,90,1,0
BRDA:313,90,2,0
BRDA:320,91,0,0
BRDA:320,91,1,0
BRDA:320,91,2,0
BRDA:320,91,3,0
BRDA:322,92,0,0
BRDA:322,92,1,0
BRDA:326,93,0,0
BRDA:326,93,1,0
BRDA:326,93,2,0
BRDA:326,93,3,0
BRDA:326,93,4,0
BRDA:332,94,0,0
BRDA:332,94,1,0
BRDA:340,95,0,0
BRDA:340,95,1,0
BRDA:341,96,0,0
BRDA:341,96,1,0
BRF:199
BRH:0
end_of_record
TN:
SF:src/components/OrgWallPanel.tsx
FN:21,OrgWallPanel
FNF:1
FNH:0
FNDA:0,OrgWallPanel
DA:1,0
DA:14,0
DA:21,0
DA:22,0
DA:24,0
LF:5
LH:0
BRF:0
BRH:0
end_of_record
TN:
SF:src/components/ResearchContent.tsx
FN:19,ResearchContent
FN:23,(anonymous_2)
FN:25,(anonymous_3)
FN:26,(anonymous_4)
FN:27,(anonymous_5)
FN:46,(anonymous_6)
FNF:6
FNH:0
FNDA:0,ResearchContent
FNDA:0,(anonymous_2)
FNDA:0,(anonymous_3)
FNDA:0,(anonymous_4)
FNDA:0,(anonymous_5)
FNDA:0,(anonymous_6)
DA:1,0
DA:2,0
DA:3,0
DA:4,0
DA:5,0
DA:6,0
DA:8,0
DA:9,0
DA:11,0
DA:12,0
DA:13,0
DA:19,0
DA:20,0
DA:21,0
DA:23,0
DA:24,0
DA:25,0
DA:26,0
DA:27,0
DA:30,0
DA:44,0
DA:47,0
LF:22
LH:0
BRDA:57,0,0,0
BRDA:57,0,1,0
BRDA:63,1,0,0
BRDA:63,1,1,0
BRDA:63,2,0,0
BRDA:63,2,1,0
BRF:6
BRH:0
end_of_record
TN:
SF:src/components/ResearchSidebar.tsx
FN:20,ResearchSidebar
FN:41,(anonymous_1)
FN:44,(anonymous_2)
FNF:3
FNH:0
FNDA:0,ResearchSidebar
FNDA:0,(anonymous_1)
FNDA:0,(anonymous_2)
DA:6,0
DA:20,0
DA:24,0
DA:42,0
DA:44,0
LF:5
LH:0
BRDA:46,0,0,0
BRDA:46,0,1,0
BRF:2
BRH:0
end_of_record
TN:
SF:src/components/ScoreBreakdown.tsx
FN:13,ScoreBreakdown
FN:17,(anonymous_2)
FN:19,(anonymous_3)
FN:23,(anonymous_4)
FN:50,(anonymous_5)
FN:74,(anonymous_6)
FNF:6
FNH:0
FNDA:0,ScoreBreakdown
FNDA:0,(anonymous_2)
FNDA:0,(anonymous_3)
FNDA:0,(anonymous_4)
FNDA:0,(anonymous_5)
FNDA:0,(anonymous_6)
DA:1,0
DA:2,0
DA:4,0
DA:5,0
DA:13,0
DA:14,0
DA:15,0
DA:17,0
DA:18,0
DA:19,0
DA:20,0
DA:22,0
DA:23,0
DA:26,0
DA:27,0
DA:32,0
DA:51,0
DA:75,0
DA:103,0
DA:104,0
DA:111,0
LF:21
LH:0
BRDA:18,0,0,0
BRDA:20,1,0,0
BRDA:20,2,0,0
BRDA:20,2,1,0
BRDA:27,3,0,0
BRDA:27,3,1,0
BRDA:28,4,0,0
BRDA:28,4,1,0
BRDA:59,5,0,0
BRDA:59,5,1,0
BRDA:59,6,0,0
BRDA:59,6,1,0
BRDA:103,7,0,0
BRF:13
BRH:0
end_of_record
TN:
SF:src/components/ScrollToTop.tsx
FN:4,ScrollToTop
FN:6,(anonymous_1)
FNF:2
FNH:0
FNDA:0,ScrollToTop
FNDA:0,(anonymous_1)
DA:1,0
DA:2,0
DA:4,0
DA:5,0
DA:6,0
DA:7,0
LF:6
LH:0
BRF:0
BRH:0
end_of_record
TN:
SF:src/components/SearchBar.tsx
FN:18,SearchBar
FN:34,(anonymous_9)
FN:41,(anonymous_10)
FN:41,(anonymous_11)
FN:54,(anonymous_12)
FN:57,(anonymous_13)
FN:58,(anonymous_14)
FN:64,(anonymous_15)
FN:67,(anonymous_16)
FN:77,(anonymous_17)
FN:107,(anonymous_18)
FN:108,(anonymous_19)
FN:120,(anonymous_20)
FN:129,(anonymous_21)
FN:135,(anonymous_22)
FN:156,(anonymous_23)
FNF:16
FNH:0
FNDA:0,SearchBar
FNDA:0,(anonymous_9)
FNDA:0,(anonymous_10)
FNDA:0,(anonymous_11)
FNDA:0,(anonymous_12)
FNDA:0,(anonymous_13)
FNDA:0,(anonymous_14)
FNDA:0,(anonymous_15)
FNDA:0,(anonymous_16)
FNDA:0,(anonymous_17)
FNDA:0,(anonymous_18)
FNDA:0,(anonymous_19)
FNDA:0,(anonymous_20)
FNDA:0,(anonymous_21)
FNDA:0,(anonymous_22)
FNDA:0,(anonymous_23)
DA:1,0
DA:2,0
DA:3,0
DA:5,0
DA:6,0
DA:18,0
DA:27,0
DA:28,0
DA:29,0
DA:30,0
DA:31,0
DA:32,0
DA:34,0
DA:35,0
DA:36,0
DA:37,0
DA:38,0
DA:39,0
DA:41,0
DA:42,0
DA:43,0
DA:44,0
DA:45,0
DA:46,0
DA:47,0
DA:49,0
DA:51,0
DA:54,0
DA:57,0
DA:58,0
DA:59,0
DA:60,0
DA:63,0
DA:64,0
DA:67,0
DA:68,0
DA:69,0
DA:70,0
DA:71,0
DA:73,0
DA:77,0
DA:78,0
DA:79,0
DA:82,0
DA:86,0
DA:88,0
DA:107,0
DA:108,0
DA:120,0
DA:130,0
DA:131,0
DA:135,0
DA:156,0
LF:53
LH:0
BRDA:22,0,0,0
BRDA:23,1,0,0
BRDA:24,2,0,0
BRDA:25,3,0,0
BRDA:35,4,0,0
BRDA:36,5,0,0
BRDA:44,6,0,0
BRDA:44,6,1,0
BRDA:54,7,0,0
BRDA:59,8,0,0
BRDA:59,9,0,0
BRDA:59,9,1,0
BRDA:67,10,0,0
BRDA:70,11,0,0
BRDA:70,11,1,0
BRDA:73,12,0,0
BRDA:73,12,1,0
BRDA:78,13,0,0
BRDA:79,14,0,0
BRDA:82,15,0,0
BRDA:82,15,1,0
BRDA:86,16,0,0
BRDA:86,16,1,0
BRDA:108,17,0,0
BRDA:114,18,0,0
BRDA:114,18,1,0
BRDA:127,19,0,0
BRDA:127,19,1,0
BRDA:127,19,2,0
BRDA:145,20,0,0
BRDA:145,20,1,0
BRF:31
BRH:0
end_of_record
TN:
SF:src/components/SupportIntent.tsx
FN:9,SupportIntent
FN:12,(anonymous_1)
FN:19,(anonymous_2)
FNF:3
FNH:0
FNDA:0,SupportIntent
FNDA:0,(anonymous_1)
FNDA:0,(anonymous_2)
DA:1,0
DA:9,0
DA:10,0
DA:12,0
DA:13,0
DA:14,0
DA:15,0
DA:16,0
DA:17,0
DA:19,0
DA:24,0
DA:25,0
DA:33,0
LF:13
LH:0
BRDA:16,0,0,0
BRDA:16,0,1,0
BRDA:24,1,0,0
BRF:3
BRH:0
end_of_record
TN:
SF:src/components/TierBreakdown.tsx
FN:32,TierBreakdown
FN:71,(anonymous_2)
FNF:2
FNH:0
FNDA:0,TierBreakdown
FNDA:0,(anonymous_2)
DA:1,0
DA:4,0
DA:5,0
DA:6,0
DA:8,0
DA:14,0
DA:20,0
DA:32,0
DA:33,0
DA:34,0
DA:35,0
DA:36,0
DA:38,0
DA:72,0
LF:14
LH:0
BRDA:56,0,0,0
BRDA:56,0,1,0
BRDA:91,1,0,0
BRDA:91,1,1,0
BRDA:98,2,0,0
BRDA:98,2,1,0
BRDA:98,2,2,0
BRDA:98,2,3,0
BRDA:98,2,4,0
BRF:9
BRH:0
end_of_record
TN:
SF:src/components/TrustBadge.tsx
FN:16,getFinancialHealth
FN:30,getV4FinancialHealth
FN:54,financialContextLabel
FN:84,buildCriteria
FN:148,getNextTierPath
FN:157,getInlineVerifiedFact
FN:159,(anonymous_6)
FN:160,(anonymous_7)
FN:177,getTierFromOrg
FN:200,getTierSummary
FNF:10
FNH:0
FNDA:0,getFinancialHealth
FNDA:0,getV4FinancialHealth
FNDA:0,financialContextLabel
FNDA:0,buildCriteria
FNDA:0,getNextTierPath
FNDA:0,getInlineVerifiedFact
FNDA:0,(anonymous_6)
FNDA:0,(anonymous_7)
FNDA:0,getTierFromOrg
FNDA:0,getTierSummary
DA:5,0
DA:10,0
DA:16,0
DA:17,0
DA:18,0
DA:19,0
DA:21,0
DA:25,0
DA:30,0
DA:35,0
DA:36,0
DA:37,0
DA:39,0
DA:40,0
DA:48,0
DA:54,0
DA:55,0
DA:56,0
DA:59,0
DA:69,0
DA:84,0
DA:85,0
DA:86,0
DA:87,0
DA:88,0
DA:89,0
DA:91,0
DA:148,0
DA:149,0
DA:150,0
DA:151,0
DA:152,0
DA:153,0
DA:157,0
DA:158,0
DA:159,0
DA:160,0
DA:161,0
DA:164,0
DA:165,0
DA:177,0
DA:178,0
DA:179,0
DA:182,0
DA:183,0
DA:184,0
DA:185,0
DA:186,0
DA:187,0
DA:188,0
DA:190,0
DA:192,0
DA:193,0
DA:194,0
DA:196,0
DA:200,0
DA:201,0
DA:202,0
DA:203,0
DA:204,0
DA:205,0
DA:206,0
DA:207,0
DA:208,0
LF:64
LH:0
BRDA:17,0,0,0
BRDA:17,0,1,0
BRDA:17,1,0,0
BRDA:17,1,1,0
BRDA:18,2,0,0
BRDA:21,3,0,0
BRDA:21,3,1,0
BRDA:22,4,0,0
BRDA:22,4,1,0
BRDA:23,5,0,0
BRDA:23,5,1,0
BRDA:24,6,0,0
BRDA:24,6,1,0
BRDA:35,7,0,0
BRDA:35,7,1,0
BRDA:36,8,0,0
BRDA:36,8,1,0
BRDA:37,9,0,0
BRDA:37,9,1,0
BRDA:39,10,0,0
BRDA:55,11,0,0
BRDA:56,12,0,0
BRDA:56,12,1,0
BRDA:56,13,0,0
BRDA:56,13,1,0
BRDA:85,14,0,0
BRDA:85,14,1,0
BRDA:86,15,0,0
BRDA:86,15,1,0
BRDA:86,15,2,0
BRDA:87,16,0,0
BRDA:87,16,1,0
BRDA:87,17,0,0
BRDA:87,17,1,0
BRDA:89,18,0,0
BRDA:89,18,1,0
BRDA:96,19,0,0
BRDA:96,19,1,0
BRDA:103,20,0,0
BRDA:103,20,1,0
BRDA:103,21,0,0
BRDA:103,21,1,0
BRDA:110,22,0,0
BRDA:110,22,1,0
BRDA:117,23,0,0
BRDA:117,23,1,0
BRDA:117,24,0,0
BRDA:117,24,1,0
BRDA:123,25,0,0
BRDA:123,25,1,0
BRDA:124,26,0,0
BRDA:124,26,1,0
BRDA:124,27,0,0
BRDA:124,27,1,0
BRDA:126,28,0,0
BRDA:126,28,1,0
BRDA:127,29,0,0
BRDA:127,29,1,0
BRDA:129,30,0,0
BRDA:129,30,1,0
BRDA:135,31,0,0
BRDA:135,31,1,0
BRDA:142,32,0,0
BRDA:142,32,1,0
BRDA:149,33,0,0
BRDA:149,33,1,0
BRDA:149,33,2,0
BRDA:149,33,3,0
BRDA:178,34,0,0
BRDA:178,35,0,0
BRDA:178,35,1,0
BRDA:179,36,0,0
BRDA:179,36,1,0
BRDA:183,37,0,0
BRDA:183,37,1,0
BRDA:184,38,0,0
BRDA:184,38,1,0
BRDA:184,39,0,0
BRDA:184,39,1,0
BRDA:185,40,0,0
BRDA:185,40,1,0
BRDA:185,41,0,0
BRDA:185,41,1,0
BRDA:188,42,0,0
BRDA:188,42,1,0
BRDA:190,43,0,0
BRDA:190,44,0,0
BRDA:190,44,1,0
BRDA:190,44,2,0
BRDA:192,45,0,0
BRDA:192,46,0,0
BRDA:192,46,1,0
BRDA:192,46,2,0
BRDA:192,46,3,0
BRDA:192,46,4,0
BRDA:192,46,5,0
BRDA:192,46,6,0
BRDA:192,47,0,0
BRDA:192,47,1,0
BRDA:192,48,0,0
BRDA:192,48,1,0
BRDA:192,49,0,0
BRDA:192,49,1,0
BRDA:192,50,0,0
BRDA:192,50,1,0
BRDA:193,51,0,0
BRDA:193,52,0,0
BRDA:193,52,1,0
BRDA:193,52,2,0
BRDA:194,53,0,0
BRDA:194,54,0,0
BRDA:194,54,1,0
BRDA:201,55,0,0
BRDA:201,55,1,0
BRDA:201,56,0,0
BRDA:201,56,1,0
BRDA:202,57,0,0
BRDA:202,57,1,0
BRDA:202,58,0,0
BRDA:202,58,1,0
BRDA:204,59,0,0
BRDA:204,59,1,0
BRDA:205,60,0,0
BRDA:206,61,0,0
BRDA:206,62,0,0
BRDA:206,62,1,0
BRDA:207,63,0,0
BRDA:207,64,0,0
BRDA:207,64,1,0
BRDA:208,65,0,0
BRDA:208,65,1,0
BRF:131
BRH:0
end_of_record
TN:
SF:src/components/V5Context.tsx
FN:36,V5Context
FNF:1
FNH:0
FNDA:0,V5Context
DA:36,0
DA:37,0
DA:38,0
DA:40,0
DA:46,0
DA:52,0
DA:53,0
DA:55,0
LF:8
LH:0
BRDA:38,0,0,0
BRDA:38,1,0,0
BRDA:38,1,1,0
BRDA:101,2,0,0
BRDA:101,2,1,0
BRF:5
BRH:0
end_of_record
TN:
SF:src/components/V5FeedbackForm.tsx
FN:9,V5FeedbackForm
FN:18,(anonymous_8)
FN:18,(anonymous_9)
FN:45,(anonymous_10)
FN:81,(anonymous_11)
FN:92,(anonymous_12)
FN:107,(anonymous_13)
FN:125,(anonymous_14)
FN:136,(anonymous_15)
FN:147,(anonymous_16)
FN:164,(anonymous_17)
FN:185,(anonymous_18)
FNF:12
FNH:0
FNDA:0,V5FeedbackForm
FNDA:0,(anonymous_8)
FNDA:0,(anonymous_9)
FNDA:0,(anonymous_10)
FNDA:0,(anonymous_11)
FNDA:0,(anonymous_12)
FNDA:0,(anonymous_13)
FNDA:0,(anonymous_14)
FNDA:0,(anonymous_15)
FNDA:0,(anonymous_16)
FNDA:0,(anonymous_17)
FNDA:0,(anonymous_18)
DA:1,0
DA:9,0
DA:10,0
DA:11,0
DA:12,0
DA:13,0
DA:14,0
DA:15,0
DA:16,0
DA:18,0
DA:19,0
DA:20,0
DA:21,0
DA:22,0
DA:25,0
DA:26,0
DA:27,0
DA:43,0
DA:44,0
DA:45,0
DA:46,0
DA:47,0
DA:48,0
DA:49,0
DA:50,0
DA:53,0
DA:55,0
DA:59,0
DA:60,0
DA:67,0
DA:81,0
DA:92,0
DA:107,0
DA:125,0
DA:136,0
DA:147,0
DA:164,0
DA:185,0
LF:38
LH:0
BRDA:20,0,0,0
BRDA:20,1,0,0
BRDA:20,1,1,0
BRDA:35,2,0,0
BRDA:35,2,1,0
BRDA:37,3,0,0
BRDA:37,3,1,0
BRDA:38,4,0,0
BRDA:38,4,1,0
BRDA:43,5,0,0
BRDA:59,6,0,0
BRDA:101,7,0,0
BRDA:101,7,1,0
BRDA:156,8,0,0
BRDA:156,8,1,0
BRDA:156,9,0,0
BRDA:156,9,1,0
BRDA:197,10,0,0
BRDA:197,10,1,0
BRF:19
BRH:0
end_of_record
TN:
SF:src/components/VerifiedHours.tsx
FN:5,VerifiedHours
FN:10,(anonymous_8)
FN:11,(anonymous_9)
FN:11,(anonymous_10)
FN:48,(anonymous_11)
FNF:5
FNH:0
FNDA:0,VerifiedHours
FNDA:0,(anonymous_8)
FNDA:0,(anonymous_9)
FNDA:0,(anonymous_10)
FNDA:0,(anonymous_11)
DA:1,0
DA:2,0
DA:3,0
DA:5,0
DA:6,0
DA:7,0
DA:8,0
DA:10,0
DA:11,0
DA:12,0
DA:13,0
DA:14,0
DA:15,0
DA:16,0
DA:17,0
DA:19,0
DA:20,0
DA:22,0
DA:24,0
DA:28,0
DA:31,0
DA:32,0
DA:35,0
DA:36,0
DA:46,0
DA:49,0
LF:26
LH:0
BRDA:14,0,0,0
BRDA:20,1,0,0
BRDA:20,1,1,0
BRDA:31,2,0,0
BRDA:35,3,0,0
BRDA:54,4,0,0
BRDA:54,4,1,0
BRF:7
BRH:0
end_of_record
TN:
SF:src/components/VolunteerInterest.tsx
FN:10,VolunteerInterest
FN:34,(anonymous_8)
FN:40,(anonymous_9)
FN:40,(anonymous_10)
FN:47,(anonymous_11)
FN:57,(anonymous_12)
FN:61,(anonymous_13)
FN:69,(anonymous_14)
FN:79,(anonymous_15)
FN:83,(anonymous_16)
FNF:10
FNH:0
FNDA:0,VolunteerInterest
FNDA:0,(anonymous_8)
FNDA:0,(anonymous_9)
FNDA:0,(anonymous_10)
FNDA:0,(anonymous_11)
FNDA:0,(anonymous_12)
FNDA:0,(anonymous_13)
FNDA:0,(anonymous_14)
FNDA:0,(anonymous_15)
FNDA:0,(anonymous_16)
DA:1,0
DA:8,0
DA:10,0
DA:21,0
DA:22,0
DA:23,0
DA:24,0
DA:26,0
DA:31,0
DA:34,0
DA:35,0
DA:36,0
DA:37,0
DA:40,0
DA:41,0
DA:42,0
DA:45,0
DA:47,0
DA:57,0
DA:61,0
DA:69,0
DA:79,0
DA:83,0
LF:23
LH:0
BRDA:26,0,0,0
BRDA:26,0,1,0
BRDA:27,1,0,0
BRDA:27,1,1,0
BRDA:28,2,0,0
BRDA:28,2,1,0
BRDA:28,3,0,0
BRDA:28,3,1,0
BRDA:42,4,0,0
BRDA:58,5,0,0
BRDA:58,5,1,0
BRDA:62,6,0,0
BRDA:62,6,1,0
BRDA:66,7,0,0
BRDA:66,7,1,0
BRDA:93,8,0,0
BRDA:93,8,1,0
BRDA:98,9,0,0
BRDA:98,9,1,0
BRDA:100,10,0,0
BRDA:100,10,1,0
BRF:21
BRH:0
end_of_record
TN:
SF:src/components/WalletCard.tsx
FN:16,WalletCardComponent
FN:34,(anonymous_2)
FN:65,(anonymous_3)
FN:126,(anonymous_4)
FNF:4
FNH:4
FNDA:64,WalletCardComponent
FNDA:64,(anonymous_2)
FNDA:1,(anonymous_3)
FNDA:1,(anonymous_4)
DA:1,2
DA:2,2
DA:17,64
DA:23,64
DA:30,64
DA:31,64
DA:34,64
DA:35,64
DA:36,14
DA:39,50
DA:41,50
DA:43,31
DA:45,16
DA:47,3
DA:49,0
DA:53,64
DA:65,1
DA:126,1
DA:144,2
DA:146,2
LF:20
LH:19
BRDA:35,0,0,14
BRDA:41,1,0,31
BRDA:41,1,1,16
BRDA:41,1,2,3
BRDA:41,1,3,0
BRDA:43,2,0,31
BRDA:43,2,1,0
BRDA:45,3,0,16
BRDA:45,3,1,0
BRDA:63,4,0,64
BRDA:63,4,1,64
BRDA:86,5,0,64
BRDA:86,5,1,64
BRDA:88,6,0,64
BRDA:88,6,1,0
BRDA:93,7,0,64
BRDA:93,7,1,64
BRDA:105,8,0,64
BRDA:105,8,1,16
BRDA:117,9,0,64
BRDA:117,9,1,18
BRDA:117,10,0,14
BRDA:117,10,1,50
BRDA:117,11,0,64
BRDA:117,11,1,64
BRDA:124,12,0,64
BRDA:124,12,1,64
BRF:27
BRH:23
end_of_record
TN:
SF:src/components/WelcomeSlideshow.tsx
FN:49,WelcomeSlideshow
FN:50,(anonymous_1)
FN:57,(anonymous_2)
FN:99,(anonymous_3)
FN:102,(anonymous_4)
FN:130,(anonymous_5)
FNF:6
FNH:0
FNDA:0,WelcomeSlideshow
FNDA:0,(anonymous_1)
FNDA:0,(anonymous_2)
FNDA:0,(anonymous_3)
FNDA:0,(anonymous_4)
FNDA:0,(anonymous_5)
DA:1,0
DA:2,0
DA:7,0
DA:16,0
DA:49,0
DA:50,0
DA:51,0
DA:53,0
DA:55,0
DA:57,0
DA:58,0
DA:59,0
DA:62,0
DA:63,0
DA:65,0
DA:100,0
DA:102,0
DA:130,0
LF:18
LH:0
BRDA:55,0,0,0
BRDA:106,1,0,0
BRDA:106,1,1,0
BRDA:107,2,0,0
BRDA:107,2,1,0
BRDA:120,3,0,0
BRDA:120,3,1,0
BRF:7
BRH:0
end_of_record
TN:
SF:src/components/research/ResearchAbout.tsx
FN:1,ResearchAbout
FNF:1
FNH:0
FNDA:0,ResearchAbout
DA:1,0
DA:2,0
LF:2
LH:0
BRF:0
BRH:0
end_of_record
TN:
SF:src/components/research/ResearchDataMovement.tsx
FN:12,ResearchDataMovement
FN:19,(anonymous_1)
FN:21,(anonymous_2)
FN:22,(anonymous_3)
FN:23,(anonymous_4)
FN:118,(anonymous_5)
FN:137,(anonymous_6)
FN:142,(anonymous_7)
FN:159,(anonymous_8)
FN:206,(anonymous_9)
FNF:10
FNH:0
FNDA:0,ResearchDataMovement
FNDA:0,(anonymous_1)
FNDA:0,(anonymous_2)
FNDA:0,(anonymous_3)
FNDA:0,(anonymous_4)
FNDA:0,(anonymous_5)
FNDA:0,(anonymous_6)
FNDA:0,(anonymous_7)
FNDA:0,(anonymous_8)
FNDA:0,(anonymous_9)
DA:1,0
DA:2,0
DA:5,0
DA:12,0
DA:16,0
DA:17,0
DA:19,0
DA:20,0
DA:21,0
DA:22,0
DA:23,0
DA:26,0
DA:27,0
DA:35,0
DA:43,0
DA:44,0
DA:45,0
DA:48,0
DA:69,0
DA:70,0
DA:72,0
DA:118,0
DA:137,0
DA:143,0
DA:144,0
DA:145,0
DA:160,0
DA:207,0
LF:28
LH:0
BRDA:21,0,0,0
BRDA:21,0,1,0
BRDA:21,1,0,0
BRDA:21,1,1,0
BRDA:26,2,0,0
BRDA:35,3,0,0
BRDA:35,3,1,0
BRDA:35,4,0,0
BRDA:35,4,1,0
BRDA:35,5,0,0
BRDA:35,5,1,0
BRDA:43,6,0,0
BRDA:43,6,1,0
BRDA:43,7,0,0
BRDA:43,7,1,0
BRDA:43,8,0,0
BRDA:43,8,1,0
BRDA:107,9,0,0
BRDA:107,9,1,0
BRDA:137,10,0,0
BRDA:137,10,1,0
BRDA:143,11,0,0
BRDA:143,12,0,0
BRDA:143,12,1,0
BRDA:143,13,0,0
BRDA:143,13,1,0
BRDA:143,14,0,0
BRDA:143,14,1,0
BRDA:144,15,0,0
BRDA:144,15,1,0
BRDA:144,16,0,0
BRDA:144,16,1,0
BRDA:147,17,0,0
BRDA:147,17,1,0
BRDA:147,18,0,0
BRDA:147,18,1,0
BRDA:148,19,0,0
BRDA:148,19,1,0
BRDA:148,20,0,0
BRDA:148,20,1,0
BRDA:148,21,0,0
BRDA:148,21,1,0
BRDA:148,22,0,0
BRDA:148,22,1,0
BRDA:149,23,0,0
BRDA:149,23,1,0
BRDA:149,24,0,0
BRDA:149,24,1,0
BRDA:149,25,0,0
BRDA:149,25,1,0
BRDA:149,26,0,0
BRDA:149,26,1,0
BRDA:149,27,0,0
BRDA:149,27,1,0
BRDA:149,28,0,0
BRDA:149,28,1,0
BRDA:149,29,0,0
BRDA:149,29,1,0
BRDA:150,30,0,0
BRDA:150,30,1,0
BRDA:150,31,0,0
BRDA:150,31,1,0
BRDA:150,32,0,0
BRDA:150,32,1,0
BRDA:151,33,0,0
BRDA:151,33,1,0
BRDA:151,34,0,0
BRDA:151,34,1,0
BRDA:151,35,0,0
BRDA:151,35,1,0
BRDA:151,36,0,0
BRDA:151,36,1,0
BRDA:151,37,0,0
BRDA:151,37,1,0
BRDA:151,38,0,0
BRDA:151,38,1,0
BRDA:151,39,0,0
BRDA:151,39,1,0
BRDA:162,40,0,0
BRDA:162,40,1,0
BRF:80
BRH:0
end_of_record
TN:
SF:src/components/research/ResearchEntityTypes.tsx
FN:13,(anonymous_0)
FN:15,ResearchEntityTypes
FN:19,(anonymous_2)
FN:21,(anonymous_3)
FN:22,(anonymous_4)
FN:23,(anonymous_5)
FN:90,(anonymous_6)
FN:100,(anonymous_7)
FNF:8
FNH:0
FNDA:0,(anonymous_0)
FNDA:0,ResearchEntityTypes
FNDA:0,(anonymous_2)
FNDA:0,(anonymous_3)
FNDA:0,(anonymous_4)
FNDA:0,(anonymous_5)
FNDA:0,(anonymous_6)
FNDA:0,(anonymous_7)
DA:1,0
DA:2,0
DA:13,0
DA:15,0
DA:16,0
DA:17,0
DA:19,0
DA:20,0
DA:21,0
DA:22,0
DA:23,0
DA:26,0
DA:58,0
DA:91,0
DA:101,0
LF:15
LH:0
BRDA:21,0,0,0
BRDA:21,0,1,0
BRDA:21,1,0,0
BRDA:21,1,1,0
BRDA:26,2,0,0
BRDA:26,2,1,0
BRDA:80,3,0,0
BRDA:80,3,1,0
BRDA:82,4,0,0
BRDA:82,4,1,0
BRDA:82,4,2,0
BRDA:86,5,0,0
BRDA:86,5,1,0
BRF:13
BRH:0
end_of_record
TN:
SF:src/components/research/ResearchFinancialArchetypes.tsx
FN:27,formatPercent
FN:32,formatScore
FN:37,formatMonths
FN:42,ResearchFinancialArchetypes
FN:49,(anonymous_4)
FN:51,(anonymous_5)
FN:52,(anonymous_6)
FN:53,(anonymous_7)
FN:84,(anonymous_8)
FN:119,(anonymous_9)
FN:130,(anonymous_10)
FN:168,(anonymous_11)
FNF:12
FNH:0
FNDA:0,formatPercent
FNDA:0,formatScore
FNDA:0,formatMonths
FNDA:0,ResearchFinancialArchetypes
FNDA:0,(anonymous_4)
FNDA:0,(anonymous_5)
FNDA:0,(anonymous_6)
FNDA:0,(anonymous_7)
FNDA:0,(anonymous_8)
FNDA:0,(anonymous_9)
FNDA:0,(anonymous_10)
FNDA:0,(anonymous_11)
DA:1,0
DA:2,0
DA:9,0
DA:15,0
DA:21,0
DA:28,0
DA:29,0
DA:33,0
DA:34,0
DA:38,0
DA:39,0
DA:42,0
DA:46,0
DA:47,0
DA:49,0
DA:50,0
DA:51,0
DA:52,0
DA:53,0
DA:56,0
DA:57,0
DA:67,0
DA:68,0
DA:78,0
DA:79,0
DA:80,0
DA:81,0
DA:84,0
DA:93,0
DA:94,0
DA:100,0
DA:120,0
DA:131,0
DA:169,0
LF:34
LH:0
BRDA:28,0,0,0
BRDA:28,1,0,0
BRDA:28,1,1,0
BRDA:33,2,0,0
BRDA:33,3,0,0
BRDA:33,3,1,0
BRDA:38,4,0,0
BRDA:38,5,0,0
BRDA:38,5,1,0
BRDA:51,6,0,0
BRDA:51,6,1,0
BRDA:51,7,0,0
BRDA:51,7,1,0
BRDA:56,8,0,0
BRDA:67,9,0,0
BRDA:78,10,0,0
BRDA:78,10,1,0
BRDA:79,11,0,0
BRDA:79,11,1,0
BRDA:80,12,0,0
BRDA:80,12,1,0
BRDA:81,13,0,0
BRDA:81,13,1,0
BRDA:88,14,0,0
BRDA:88,14,1,0
BRDA:95,15,0,0
BRDA:95,15,1,0
BRDA:96,16,0,0
BRDA:96,16,1,0
BRDA:97,17,0,0
BRDA:97,17,1,0
BRDA:176,18,0,0
BRDA:176,18,1,0
BRF:33
BRH:0
end_of_record
TN:
SF:src/components/research/ResearchFindings.tsx
FN:14,ResearchFindings
FN:23,(anonymous_1)
FN:25,(anonymous_2)
FN:29,(anonymous_3)
FN:30,(anonymous_4)
FN:50,(anonymous_5)
FN:76,(anonymous_6)
FN:94,(anonymous_7)
FN:106,(anonymous_8)
FN:107,(anonymous_9)
FN:116,(anonymous_10)
FNF:11
FNH:0
FNDA:0,ResearchFindings
FNDA:0,(anonymous_1)
FNDA:0,(anonymous_2)
FNDA:0,(anonymous_3)
FNDA:0,(anonymous_4)
FNDA:0,(anonymous_5)
FNDA:0,(anonymous_6)
FNDA:0,(anonymous_7)
FNDA:0,(anonymous_8)
FNDA:0,(anonymous_9)
FNDA:0,(anonymous_10)
DA:1,0
DA:2,0
DA:14,0
DA:18,0
DA:19,0
DA:20,0
DA:21,0
DA:23,0
DA:24,0
DA:26,0
DA:27,0
DA:29,0
DA:30,0
DA:33,0
DA:51,0
DA:77,0
DA:83,0
DA:95,0
DA:106,0
DA:107,0
DA:117,0
DA:118,0
DA:127,0
LF:23
LH:0
BRDA:26,0,0,0
BRDA:26,0,1,0
BRDA:27,1,0,0
BRDA:27,1,1,0
BRDA:46,2,0,0
BRDA:46,2,1,0
BRDA:72,3,0,0
BRDA:72,3,1,0
BRDA:98,4,0,0
BRDA:98,4,1,0
BRDA:104,5,0,0
BRDA:104,5,1,0
BRDA:104,6,0,0
BRDA:104,6,1,0
BRDA:114,7,0,0
BRDA:114,7,1,0
BRDA:114,7,2,0
BRDA:117,8,0,0
BRDA:122,9,0,0
BRDA:122,9,1,0
BRDA:123,10,0,0
BRDA:123,10,1,0
BRF:22
BRH:0
end_of_record
TN:
SF:src/components/research/ResearchLimitations.tsx
FN:1,ResearchLimitations
FNF:1
FNH:0
FNDA:0,ResearchLimitations
DA:1,0
DA:2,0
LF:2
LH:0
BRF:0
BRH:0
end_of_record
TN:
SF:src/components/research/ResearchMethodology.tsx
FN:1,ResearchMethodology
FNF:1
FNH:0
FNDA:0,ResearchMethodology
DA:1,0
DA:2,0
LF:2
LH:0
BRF:0
BRH:0
end_of_record
TN:
SF:src/components/research/ResearchOperatingModels.tsx
FN:85,formatRevenue
FN:91,(anonymous_1)
FN:93,ResearchOperatingModels
FN:101,(anonymous_3)
FN:103,(anonymous_4)
FN:106,(anonymous_5)
FN:127,(anonymous_6)
FN:128,(anonymous_7)
FN:131,(anonymous_8)
FN:175,(anonymous_9)
FN:178,(anonymous_10)
FN:231,(anonymous_11)
FN:249,(anonymous_12)
FN:253,(anonymous_13)
FNF:14
FNH:0
FNDA:0,formatRevenue
FNDA:0,(anonymous_1)
FNDA:0,ResearchOperatingModels
FNDA:0,(anonymous_3)
FNDA:0,(anonymous_4)
FNDA:0,(anonymous_5)
FNDA:0,(anonymous_6)
FNDA:0,(anonymous_7)
FNDA:0,(anonymous_8)
FNDA:0,(anonymous_9)
FNDA:0,(anonymous_10)
FNDA:0,(anonymous_11)
FNDA:0,(anonymous_12)
FNDA:0,(anonymous_13)
DA:1,0
DA:2,0
DA:3,0
DA:19,0
DA:86,0
DA:87,0
DA:88,0
DA:91,0
DA:93,0
DA:97,0
DA:98,0
DA:99,0
DA:101,0
DA:102,0
DA:105,0
DA:106,0
DA:107,0
DA:108,0
DA:110,0
DA:111,0
DA:112,0
DA:118,0
DA:125,0
DA:127,0
DA:128,0
DA:131,0
DA:132,0
DA:133,0
DA:134,0
DA:141,0
DA:144,0
DA:145,0
DA:146,0
DA:148,0
DA:176,0
DA:178,0
DA:232,0
DA:250,0
DA:253,0
LF:39
LH:0
BRDA:86,0,0,0
BRDA:87,1,0,0
BRDA:107,2,0,0
BRDA:110,3,0,0
BRDA:110,3,1,0
BRDA:110,4,0,0
BRDA:110,4,1,0
BRDA:110,5,0,0
BRDA:110,5,1,0
BRDA:112,6,0,0
BRDA:112,6,1,0
BRDA:114,7,0,0
BRDA:114,7,1,0
BRDA:132,8,0,0
BRDA:132,9,0,0
BRDA:132,9,1,0
BRDA:132,9,2,0
BRDA:137,10,0,0
BRDA:137,10,1,0
BRDA:137,11,0,0
BRDA:137,11,1,0
BRDA:144,12,0,0
BRDA:144,12,1,0
BRDA:145,13,0,0
BRDA:145,13,1,0
BRDA:145,14,0,0
BRDA:145,14,1,0
BRDA:145,15,0,0
BRDA:145,15,1,0
BRDA:167,16,0,0
BRDA:167,16,1,0
BRDA:180,17,0,0
BRDA:180,17,1,0
BRDA:185,18,0,0
BRDA:185,18,1,0
BRDA:194,19,0,0
BRDA:194,19,1,0
BRF:37
BRH:0
end_of_record
TN:
SF:src/components/research/ResearchOverview.tsx
FN:6,ResearchOverview
FNF:1
FNH:0
FNDA:0,ResearchOverview
DA:6,0
DA:10,0
LF:2
LH:0
BRDA:22,0,0,0
BRDA:22,0,1,0
BRF:2
BRH:0
end_of_record
TN:
SF:src/components/research/ResearchPeerContext.tsx
FN:1,ResearchPeerContext
FNF:1
FNH:0
FNDA:0,ResearchPeerContext
DA:1,0
DA:2,0
LF:2
LH:0
BRF:0
BRH:0
end_of_record
TN:
SF:src/components/research/ResearchProblem.tsx
FN:1,ResearchProblem
FNF:1
FNH:0
FNDA:0,ResearchProblem
DA:1,0
DA:2,0
LF:2
LH:0
BRF:0
BRH:0
end_of_record
TN:
SF:src/components/research/ResearchSpending.tsx
FN:22,ResearchSpending
FN:29,(anonymous_1)
FN:31,(anonymous_2)
FN:33,(anonymous_3)
FN:43,(anonymous_4)
FN:44,(anonymous_5)
FN:47,(anonymous_6)
FN:112,(anonymous_7)
FNF:8
FNH:0
FNDA:0,ResearchSpending
FNDA:0,(anonymous_1)
FNDA:0,(anonymous_2)
FNDA:0,(anonymous_3)
FNDA:0,(anonymous_4)
FNDA:0,(anonymous_5)
FNDA:0,(anonymous_6)
FNDA:0,(anonymous_7)
DA:1,0
DA:2,0
DA:3,0
DA:10,0
DA:22,0
DA:26,0
DA:27,0
DA:29,0
DA:30,0
DA:32,0
DA:33,0
DA:43,0
DA:44,0
DA:47,0
DA:48,0
DA:49,0
DA:50,0
DA:59,0
DA:62,0
DA:113,0
LF:20
LH:0
BRDA:36,0,0,0
BRDA:36,0,1,0
BRDA:37,1,0,0
BRDA:37,1,1,0
BRDA:38,2,0,0
BRDA:38,2,1,0
BRDA:48,3,0,0
BRDA:48,4,0,0
BRDA:48,4,1,0
BRDA:48,4,2,0
BRDA:75,5,0,0
BRDA:75,5,1,0
BRF:12
BRH:0
end_of_record
TN:
SF:src/components/ui/accordion.tsx
FN:7,Accordion
FN:13,AccordionItem
FN:26,AccordionTrigger
FN:48,AccordionContent
FNF:4
FNH:0
FNDA:0,Accordion
FNDA:0,AccordionItem
FNDA:0,AccordionTrigger
FNDA:0,AccordionContent
DA:1,0
DA:2,0
DA:3,0
DA:5,0
DA:8,0
DA:10,0
DA:14,0
DA:15,0
DA:17,0
DA:28,0
DA:29,0
DA:31,0
DA:50,0
DA:51,0
DA:53,0
DA:64,0
LF:16
LH:0
BRF:0
BRH:0
end_of_record
TN:
SF:src/components/ui/alert-dialog.tsx
FN:7,AlertDialog
FN:13,AlertDialogTrigger
FN:21,AlertDialogPortal
FN:29,AlertDialogOverlay
FN:45,AlertDialogContent
FN:64,AlertDialogHeader
FN:77,AlertDialogFooter
FN:93,AlertDialogTitle
FN:106,AlertDialogDescription
FN:119,AlertDialogAction
FN:131,AlertDialogCancel
FNF:11
FNH:0
FNDA:0,AlertDialog
FNDA:0,AlertDialogTrigger
FNDA:0,AlertDialogPortal
FNDA:0,AlertDialogOverlay
FNDA:0,AlertDialogContent
FNDA:0,AlertDialogHeader
FNDA:0,AlertDialogFooter
FNDA:0,AlertDialogTitle
FNDA:0,AlertDialogDescription
FNDA:0,AlertDialogAction
FNDA:0,AlertDialogCancel
DA:1,0
DA:2,0
DA:4,0
DA:5,0
DA:8,0
DA:10,0
DA:14,0
DA:16,0
DA:22,0
DA:24,0
DA:30,0
DA:31,0
DA:33,0
DA:46,0
DA:47,0
DA:49,0
DA:65,0
DA:66,0
DA:68,0
DA:78,0
DA:79,0
DA:81,0
DA:94,0
DA:95,0
DA:97,0
DA:107,0
DA:108,0
DA:110,0
DA:120,0
DA:121,0
DA:123,0
DA:132,0
DA:133,0
DA:135,0
DA:144,0
DA:145,0
DA:146,0
DA:147,0
DA:148,0
DA:149,0
DA:150,0
DA:151,0
DA:152,0
DA:153,0
DA:154,0
LF:45
LH:0
BRF:0
BRH:0
end_of_record
TN:
SF:src/components/ui/alert.tsx
FN:22,Alert
FN:37,AlertTitle
FN:50,AlertDescription
FNF:3
FNH:0
FNDA:0,Alert
FNDA:0,AlertTitle
FNDA:0,AlertDescription
DA:1,0
DA:2,0
DA:4,0
DA:6,0
DA:24,0
DA:25,0
DA:27,0
DA:37,0
DA:38,0
DA:51,0
DA:52,0
DA:54,0
DA:66,0
LF:13
LH:0
BRF:0
BRH:0
end_of_record
TN:
SF:src/components/ui/aspect-ratio.tsx
FN:5,AspectRatio
FNF:1
FNH:0
FNDA:0,AspectRatio
DA:3,0
DA:6,0
DA:8,0
DA:11,0
LF:4
LH:0
BRF:0
BRH:0
end_of_record
TN:
SF:src/components/ui/avatar.tsx
FN:6,Avatar
FN:22,AvatarImage
FN:35,AvatarFallback
FNF:3
FNH:0
FNDA:0,Avatar
FNDA:0,AvatarImage
FNDA:0,AvatarFallback
DA:1,0
DA:2,0
DA:4,0
DA:7,0
DA:8,0
DA:10,0
DA:23,0
DA:24,0
DA:26,0
DA:36,0
DA:37,0
DA:39,0
DA:51,0
LF:13
LH:0
BRF:0
BRH:0
end_of_record
TN:
SF:src/components/ui/badge.tsx
FN:28,Badge
FNF:1
FNH:0
FNDA:0,Badge
DA:1,0
DA:2,0
DA:3,0
DA:5,0
DA:7,0
DA:31,0
DA:32,0
DA:35,0
DA:37,0
DA:46,0
LF:10
LH:0
BRDA:31,0,0,0
BRDA:35,1,0,0
BRDA:35,1,1,0
BRF:3
BRH:0
end_of_record
TN:
SF:src/components/ui/breadcrumb.tsx
FN:7,Breadcrumb
FN:11,BreadcrumbList
FN:24,BreadcrumbItem
FN:34,BreadcrumbLink
FN:52,BreadcrumbPage
FN:65,BreadcrumbSeparator
FN:83,BreadcrumbEllipsis
FNF:7
FNH:0
FNDA:0,Breadcrumb
FNDA:0,BreadcrumbList
FNDA:0,BreadcrumbItem
FNDA:0,BreadcrumbLink
FNDA:0,BreadcrumbPage
FNDA:0,BreadcrumbSeparator
FNDA:0,BreadcrumbEllipsis
DA:1,0
DA:2,0
DA:3,0
DA:5,0
DA:7,0
DA:8,0
DA:11,0
DA:12,0
DA:24,0
DA:25,0
DA:36,0
DA:37,0
DA:41,0
DA:43,0
DA:52,0
DA:53,0
DA:67,0
DA:68,0
DA:70,0
DA:84,0
DA:85,0
DA:87,0
DA:102,0
DA:103,0
DA:104,0
DA:105,0
DA:106,0
DA:107,0
DA:108,0
LF:29
LH:0
BRDA:41,0,0,0
BRDA:41,0,1,0
BRDA:78,1,0,0
BRDA:78,1,1,0
BRDA:78,2,0,0
BRDA:78,2,1,0
BRF:6
BRH:0
end_of_record
TN:
SF:src/components/ui/button-group.tsx
FN:24,ButtonGroup
FN:40,ButtonGroupText
FN:60,ButtonGroupSeparator
FNF:3
FNH:0
FNDA:0,ButtonGroup
FNDA:0,ButtonGroupText
FNDA:0,ButtonGroupSeparator
DA:1,0
DA:2,0
DA:4,0
DA:5,0
DA:7,0
DA:26,0
DA:27,0
DA:29,0
DA:42,0
DA:43,0
DA:47,0
DA:49,0
DA:62,0
DA:63,0
DA:65,0
DA:79,0
DA:80,0
DA:81,0
DA:82,0
LF:19
LH:0
BRDA:42,0,0,0
BRDA:47,1,0,0
BRDA:47,1,1,0
BRDA:62,2,0,0
BRF:4
BRH:0
end_of_record
TN:
SF:src/components/ui/button.tsx
FN:39,Button
FNF:1
FNH:0
FNDA:0,Button
DA:1,0
DA:2,0
DA:3,0
DA:5,0
DA:7,0
DA:43,0
DA:44,0
DA:49,0
DA:51,0
DA:62,0
LF:10
LH:0
BRDA:41,0,0,0
BRDA:42,1,0,0
BRDA:43,2,0,0
BRDA:49,3,0,0
BRDA:49,3,1,0
BRF:5
BRH:0
end_of_record
TN:
SF:src/components/ui/calendar.tsx
FN:18,Calendar
FN:43,(anonymous_11)
FN:135,(anonymous_12)
FN:145,(anonymous_13)
FN:166,(anonymous_14)
FN:182,CalendarDayButton
FN:191,(anonymous_16)
FNF:7
FNH:0
FNDA:0,Calendar
FNDA:0,(anonymous_11)
FNDA:0,(anonymous_12)
FNDA:0,(anonymous_13)
FNDA:0,(anonymous_14)
FNDA:0,CalendarDayButton
FNDA:0,(anonymous_16)
DA:3,0
DA:4,0
DA:9,0
DA:15,0
DA:16,0
DA:25,0
DA:26,0
DA:30,0
DA:32,0
DA:44,0
DA:135,0
DA:136,0
DA:145,0
DA:146,0
DA:147,0
DA:152,0
DA:153,0
DA:161,0
DA:166,0
DA:167,0
DA:185,0
DA:186,0
DA:188,0
DA:190,0
DA:191,0
DA:192,0
DA:195,0
DA:220,0
LF:28
LH:0
BRDA:21,0,0,0
BRDA:22,1,0,0
BRDA:23,2,0,0
BRDA:86,3,0,0
BRDA:86,3,1,0
BRDA:108,4,0,0
BRDA:108,4,1,0
BRDA:146,5,0,0
BRDA:152,6,0,0
BRDA:192,7,0,0
BRDA:192,8,0,0
BRDA:192,8,1,0
BRDA:192,9,0,0
BRDA:192,9,1,0
BRDA:202,10,0,0
BRDA:202,10,1,0
BRDA:202,10,2,0
BRDA:202,10,3,0
BRF:18
BRH:0
end_of_record
TN:
SF:src/components/ui/card.tsx
FN:5,Card
FN:18,CardHeader
FN:31,CardTitle
FN:41,CardDescription
FN:51,CardAction
FN:64,CardContent
FN:74,CardFooter
FNF:7
FNH:0
FNDA:0,Card
FNDA:0,CardHeader
FNDA:0,CardTitle
FNDA:0,CardDescription
FNDA:0,CardAction
FNDA:0,CardContent
FNDA:0,CardFooter
DA:1,0
DA:3,0
DA:5,0
DA:6,0
DA:18,0
DA:19,0
DA:31,0
DA:32,0
DA:41,0
DA:42,0
DA:51,0
DA:52,0
DA:64,0
DA:65,0
DA:74,0
DA:75,0
DA:85,0
DA:86,0
DA:87,0
DA:88,0
DA:89,0
DA:90,0
DA:91,0
LF:23
LH:0
BRF:0
BRH:0
end_of_record
TN:
SF:src/components/ui/carousel.tsx
FN:33,useCarousel
FN:43,Carousel
FN:62,(anonymous_13)
FN:68,(anonymous_14)
FN:72,(anonymous_15)
FN:77,(anonymous_16)
FN:89,(anonymous_17)
FN:94,(anonymous_18)
FN:100,(anonymous_19)
FN:133,CarouselContent
FN:154,CarouselItem
FN:172,CarouselPrevious
FN:202,CarouselNext
FNF:13
FNH:0
FNDA:0,useCarousel
FNDA:0,Carousel
FNDA:0,(anonymous_13)
FNDA:0,(anonymous_14)
FNDA:0,(anonymous_15)
FNDA:0,(anonymous_16)
FNDA:0,(anonymous_17)
FNDA:0,(anonymous_18)
FNDA:0,(anonymous_19)
FNDA:0,CarouselContent
FNDA:0,CarouselItem
FNDA:0,CarouselPrevious
FNDA:0,CarouselNext
DA:1,0
DA:2,0
DA:5,0
DA:7,0
DA:8,0
DA:31,0
DA:34,0
DA:36,0
DA:37,0
DA:40,0
DA:49,0
DA:50,0
DA:52,0
DA:59,0
DA:60,0
DA:62,0
DA:63,0
DA:64,0
DA:65,0
DA:68,0
DA:69,0
DA:72,0
DA:73,0
DA:76,0
DA:78,0
DA:79,0
DA:80,0
DA:81,0
DA:82,0
DA:83,0
DA:89,0
DA:90,0
DA:91,0
DA:94,0
DA:95,0
DA:96,0
DA:97,0
DA:98,0
DA:100,0
DA:101,0
DA:105,0
DA:133,0
DA:134,0
DA:136,0
DA:154,0
DA:155,0
DA:157,0
DA:175,0
DA:176,0
DA:178,0
DA:180,0
DA:205,0
DA:206,0
DA:208,0
DA:210,0
DA:234,0
DA:235,0
DA:236,0
DA:237,0
DA:238,0
LF:60
LH:0
BRDA:36,0,0,0
BRDA:44,1,0,0
BRDA:55,2,0,0
BRDA:55,2,1,0
BRDA:63,3,0,0
BRDA:69,4,0,0
BRDA:69,4,1,0
BRDA:69,5,0,0
BRDA:69,5,1,0
BRDA:73,6,0,0
BRDA:73,6,1,0
BRDA:73,7,0,0
BRDA:73,7,1,0
BRDA:78,8,0,0
BRDA:78,8,1,0
BRDA:81,9,0,0
BRDA:90,10,0,0
BRDA:90,11,0,0
BRDA:90,11,1,0
BRDA:95,12,0,0
BRDA:101,13,0,0
BRDA:101,13,1,0
BRDA:101,14,0,0
BRDA:101,14,1,0
BRDA:112,15,0,0
BRDA:112,15,1,0
BRDA:112,16,0,0
BRDA:112,16,1,0
BRDA:112,17,0,0
BRDA:112,17,1,0
BRDA:112,18,0,0
BRDA:112,18,1,0
BRDA:145,19,0,0
BRDA:145,19,1,0
BRDA:164,20,0,0
BRDA:164,20,1,0
BRDA:174,21,0,0
BRDA:175,22,0,0
BRDA:187,23,0,0
BRDA:187,23,1,0
BRDA:204,24,0,0
BRDA:205,25,0,0
BRDA:217,26,0,0
BRDA:217,26,1,0
BRF:44
BRH:0
end_of_record
TN:
SF:src/components/ui/chart.tsx
FN:27,useChart
FN:37,ChartContainer
FN:72,(anonymous_12)
FN:74,(anonymous_13)
FN:86,(anonymous_14)
FN:89,(anonymous_15)
FN:107,ChartTooltipContent
FN:131,(anonymous_17)
FN:183,(anonymous_18)
FN:184,(anonymous_19)
FN:255,ChartLegendContent
FN:281,(anonymous_21)
FN:282,(anonymous_22)
FN:312,getPayloadConfigFromPayload
FNF:14
FNH:0
FNDA:0,useChart
FNDA:0,ChartContainer
FNDA:0,(anonymous_12)
FNDA:0,(anonymous_13)
FNDA:0,(anonymous_14)
FNDA:0,(anonymous_15)
FNDA:0,ChartTooltipContent
FNDA:0,(anonymous_17)
FNDA:0,(anonymous_18)
FNDA:0,(anonymous_19)
FNDA:0,ChartLegendContent
FNDA:0,(anonymous_21)
FNDA:0,(anonymous_22)
FNDA:0,getPayloadConfigFromPayload
DA:3,0
DA:4,0
DA:6,0
DA:9,0
DA:25,0
DA:28,0
DA:30,0
DA:31,0
DA:34,0
DA:41,0
DA:42,0
DA:49,0
DA:50,0
DA:52,0
DA:72,0
DA:73,0
DA:74,0
DA:77,0
DA:78,0
DA:81,0
DA:86,0
DA:91,0
DA:93,0
DA:105,0
DA:129,0
DA:131,0
DA:132,0
DA:133,0
DA:136,0
DA:137,0
DA:138,0
DA:140,0
DA:144,0
DA:145,0
DA:152,0
DA:153,0
DA:156,0
DA:167,0
DA:168,0
DA:171,0
DA:173,0
DA:183,0
DA:185,0
DA:186,0
DA:187,0
DA:189,0
DA:253,0
DA:266,0
DA:268,0
DA:269,0
DA:272,0
DA:281,0
DA:283,0
DA:284,0
DA:286,0
DA:317,0
DA:318,0
DA:322,0
DA:328,0
DA:330,0
DA:334,0
DA:335,0
DA:340,0
DA:345,0
DA:351,0
DA:352,0
DA:353,0
DA:354,0
DA:355,0
DA:356,0
LF:70
LH:0
BRDA:30,0,0,0
BRDA:50,1,0,0
BRDA:50,1,1,0
BRDA:74,2,0,0
BRDA:74,2,1,0
BRDA:77,3,0,0
BRDA:91,4,0,0
BRDA:91,4,1,0
BRDA:91,5,0,0
BRDA:91,5,1,0
BRDA:91,6,0,0
BRDA:91,6,1,0
BRDA:93,7,0,0
BRDA:93,7,1,0
BRDA:111,8,0,0
BRDA:112,9,0,0
BRDA:113,10,0,0
BRDA:132,11,0,0
BRDA:132,12,0,0
BRDA:132,12,1,0
BRDA:132,13,0,0
BRDA:132,13,1,0
BRDA:132,14,0,0
BRDA:132,14,1,0
BRDA:137,15,0,0
BRDA:137,15,1,0
BRDA:137,15,2,0
BRDA:137,15,3,0
BRDA:137,16,0,0
BRDA:137,16,1,0
BRDA:137,17,0,0
BRDA:137,17,1,0
BRDA:137,18,0,0
BRDA:137,18,1,0
BRDA:137,19,0,0
BRDA:137,19,1,0
BRDA:140,20,0,0
BRDA:140,20,1,0
BRDA:140,21,0,0
BRDA:140,21,1,0
BRDA:141,22,0,0
BRDA:141,22,1,0
BRDA:141,23,0,0
BRDA:141,23,1,0
BRDA:141,24,0,0
BRDA:141,24,1,0
BRDA:142,25,0,0
BRDA:142,25,1,0
BRDA:142,26,0,0
BRDA:142,26,1,0
BRDA:144,27,0,0
BRDA:152,28,0,0
BRDA:167,29,0,0
BRDA:167,30,0,0
BRDA:167,30,1,0
BRDA:167,31,0,0
BRDA:167,31,1,0
BRDA:167,32,0,0
BRDA:167,32,1,0
BRDA:171,33,0,0
BRDA:171,33,1,0
BRDA:180,34,0,0
BRDA:180,34,1,0
BRDA:185,35,0,0
BRDA:185,35,1,0
BRDA:185,35,2,0
BRDA:185,35,3,0
BRDA:187,36,0,0
BRDA:187,36,1,0
BRDA:187,36,2,0
BRDA:194,37,0,0
BRDA:194,37,1,0
BRDA:197,38,0,0
BRDA:197,38,1,0
BRDA:197,39,0,0
BRDA:197,39,1,0
BRDA:197,39,2,0
BRDA:197,40,0,0
BRDA:197,40,1,0
BRDA:197,41,0,0
BRDA:197,41,1,0
BRDA:201,42,0,0
BRDA:201,42,1,0
BRDA:201,43,0,0
BRDA:201,43,1,0
BRDA:201,44,0,0
BRDA:201,44,1,0
BRDA:204,45,0,0
BRDA:204,45,1,0
BRDA:213,46,0,0
BRDA:213,46,1,0
BRDA:228,47,0,0
BRDA:228,47,1,0
BRDA:232,48,0,0
BRDA:232,48,1,0
BRDA:234,49,0,0
BRDA:234,49,1,0
BRDA:234,50,0,0
BRDA:234,50,1,0
BRDA:234,51,0,0
BRDA:234,51,1,0
BRDA:237,52,0,0
BRDA:237,52,1,0
BRDA:257,53,0,0
BRDA:259,54,0,0
BRDA:268,55,0,0
BRDA:268,56,0,0
BRDA:268,56,1,0
BRDA:268,57,0,0
BRDA:268,57,1,0
BRDA:276,58,0,0
BRDA:276,58,1,0
BRDA:283,59,0,0
BRDA:283,59,1,0
BRDA:283,59,2,0
BRDA:293,60,0,0
BRDA:293,60,1,0
BRDA:293,61,0,0
BRDA:293,61,1,0
BRDA:293,62,0,0
BRDA:293,62,1,0
BRDA:293,63,0,0
BRDA:293,63,1,0
BRDA:303,64,0,0
BRDA:303,64,1,0
BRDA:303,65,0,0
BRDA:303,65,1,0
BRDA:317,66,0,0
BRDA:317,67,0,0
BRDA:317,67,1,0
BRDA:322,68,0,0
BRDA:322,68,1,0
BRDA:322,69,0,0
BRDA:322,69,1,0
BRDA:322,69,2,0
BRDA:330,70,0,0
BRDA:330,70,1,0
BRDA:331,71,0,0
BRDA:331,71,1,0
BRDA:335,72,0,0
BRDA:336,73,0,0
BRDA:336,73,1,0
BRDA:336,73,2,0
BRDA:345,74,0,0
BRDA:345,74,1,0
BRF:145
BRH:0
end_of_record
TN:
SF:src/components/ui/checkbox.tsx
FN:9,Checkbox
FNF:1
FNH:0
FNDA:0,Checkbox
DA:3,0
DA:4,0
DA:5,0
DA:7,0
DA:10,0
DA:11,0
DA:13,0
DA:32,0
LF:8
LH:0
BRF:0
BRH:0
end_of_record
TN:
SF:src/components/ui/collapsible.tsx
FN:3,Collapsible
FN:9,CollapsibleTrigger
FN:20,CollapsibleContent
FNF:3
FNH:0
FNDA:0,Collapsible
FNDA:0,CollapsibleTrigger
FNDA:0,CollapsibleContent
DA:1,0
DA:4,0
DA:6,0
DA:10,0
DA:12,0
DA:21,0
DA:23,0
DA:31,0
LF:8
LH:0
BRF:0
BRH:0
end_of_record
TN:
SF:src/components/ui/command.tsx
FN:14,Command
FN:30,CommandDialog
FN:61,CommandInput
FN:83,CommandList
FN:99,CommandEmpty
FN:111,CommandGroup
FN:127,CommandSeparator
FN:140,CommandItem
FN:156,CommandShortcut
FNF:9
FNH:0
FNDA:0,Command
FNDA:0,CommandDialog
FNDA:0,CommandInput
FNDA:0,CommandList
FNDA:0,CommandEmpty
FNDA:0,CommandGroup
FNDA:0,CommandSeparator
FNDA:0,CommandItem
FNDA:0,CommandShortcut
DA:1,0
DA:2,0
DA:3,0
DA:5,0
DA:6,0
DA:15,0
DA:16,0
DA:18,0
DA:35,0
DA:36,0
DA:43,0
DA:62,0
DA:63,0
DA:65,0
DA:84,0
DA:85,0
DA:87,0
DA:100,0
DA:102,0
DA:112,0
DA:113,0
DA:115,0
DA:128,0
DA:129,0
DA:131,0
DA:141,0
DA:142,0
DA:144,0
DA:157,0
DA:158,0
DA:160,0
DA:173,0
DA:174,0
DA:175,0
DA:176,0
DA:177,0
DA:178,0
DA:179,0
DA:180,0
DA:181,0
LF:40
LH:0
BRDA:31,0,0,0
BRDA:32,1,0,0
BRDA:35,2,0,0
BRF:3
BRH:0
end_of_record
TN:
SF:src/components/ui/context-menu.tsx
FN:9,ContextMenu
FN:15,ContextMenuTrigger
FN:23,ContextMenuGroup
FN:31,ContextMenuPortal
FN:39,ContextMenuSub
FN:45,ContextMenuRadioGroup
FN:56,ContextMenuSubTrigger
FN:80,ContextMenuSubContent
FN:96,ContextMenuContent
FN:114,ContextMenuItem
FN:137,ContextMenuCheckboxItem
FN:163,ContextMenuRadioItem
FN:187,ContextMenuLabel
FN:207,ContextMenuSeparator
FN:220,ContextMenuShortcut
FNF:15
FNH:0
FNDA:0,ContextMenu
FNDA:0,ContextMenuTrigger
FNDA:0,ContextMenuGroup
FNDA:0,ContextMenuPortal
FNDA:0,ContextMenuSub
FNDA:0,ContextMenuRadioGroup
FNDA:0,ContextMenuSubTrigger
FNDA:0,ContextMenuSubContent
FNDA:0,ContextMenuContent
FNDA:0,ContextMenuItem
FNDA:0,ContextMenuCheckboxItem
FNDA:0,ContextMenuRadioItem
FNDA:0,ContextMenuLabel
FNDA:0,ContextMenuSeparator
FNDA:0,ContextMenuShortcut
DA:3,0
DA:4,0
DA:5,0
DA:7,0
DA:10,0
DA:12,0
DA:16,0
DA:18,0
DA:24,0
DA:26,0
DA:32,0
DA:34,0
DA:40,0
DA:42,0
DA:46,0
DA:48,0
DA:59,0
DA:60,0
DA:64,0
DA:81,0
DA:82,0
DA:84,0
DA:97,0
DA:98,0
DA:100,0
DA:117,0
DA:118,0
DA:123,0
DA:140,0
DA:141,0
DA:143,0
DA:165,0
DA:166,0
DA:168,0
DA:189,0
DA:190,0
DA:194,0
DA:208,0
DA:209,0
DA:211,0
DA:221,0
DA:222,0
DA:224,0
DA:237,0
DA:238,0
DA:239,0
DA:240,0
DA:241,0
DA:242,0
DA:243,0
DA:244,0
DA:245,0
DA:246,0
DA:247,0
DA:248,0
DA:249,0
DA:250,0
DA:251,0
LF:58
LH:0
BRDA:117,0,0,0
BRF:1
BRH:0
end_of_record
TN:
SF:src/components/ui/dialog.tsx
FN:7,Dialog
FN:13,DialogTrigger
FN:19,DialogPortal
FN:25,DialogClose
FN:31,DialogOverlay
FN:47,DialogContent
FN:81,DialogHeader
FN:91,DialogFooter
FN:104,DialogTitle
FN:117,DialogDescription
FNF:10
FNH:0
FNDA:0,Dialog
FNDA:0,DialogTrigger
FNDA:0,DialogPortal
FNDA:0,DialogClose
FNDA:0,DialogOverlay
FNDA:0,DialogContent
FNDA:0,DialogHeader
FNDA:0,DialogFooter
FNDA:0,DialogTitle
FNDA:0,DialogDescription
DA:1,0
DA:2,0
DA:3,0
DA:5,0
DA:8,0
DA:10,0
DA:14,0
DA:16,0
DA:20,0
DA:22,0
DA:26,0
DA:28,0
DA:32,0
DA:33,0
DA:35,0
DA:50,0
DA:51,0
DA:55,0
DA:81,0
DA:82,0
DA:91,0
DA:92,0
DA:105,0
DA:106,0
DA:108,0
DA:118,0
DA:119,0
DA:121,0
DA:131,0
DA:132,0
DA:133,0
DA:134,0
DA:135,0
DA:136,0
DA:137,0
DA:138,0
DA:139,0
DA:140,0
LF:38
LH:0
BRDA:50,0,0,0
BRDA:67,1,0,0
BRDA:67,1,1,0
BRF:3
BRH:0
end_of_record
TN:
SF:src/components/ui/drawer.tsx
FN:8,Drawer
FN:14,DrawerTrigger
FN:20,DrawerPortal
FN:26,DrawerClose
FN:32,DrawerOverlay
FN:48,DrawerContent
FN:75,DrawerHeader
FN:88,DrawerFooter
FN:98,DrawerTitle
FN:111,DrawerDescription
FNF:10
FNH:0
FNDA:0,Drawer
FNDA:0,DrawerTrigger
FNDA:0,DrawerPortal
FNDA:0,DrawerClose
FNDA:0,DrawerOverlay
FNDA:0,DrawerContent
FNDA:0,DrawerHeader
FNDA:0,DrawerFooter
FNDA:0,DrawerTitle
FNDA:0,DrawerDescription
DA:3,0
DA:4,0
DA:6,0
DA:9,0
DA:11,0
DA:15,0
DA:17,0
DA:21,0
DA:23,0
DA:27,0
DA:29,0
DA:33,0
DA:34,0
DA:36,0
DA:50,0
DA:51,0
DA:53,0
DA:75,0
DA:76,0
DA:88,0
DA:89,0
DA:99,0
DA:100,0
DA:102,0
DA:112,0
DA:113,0
DA:115,0
DA:125,0
DA:126,0
DA:127,0
DA:128,0
DA:129,0
DA:130,0
DA:131,0
DA:132,0
DA:133,0
DA:134,0
LF:37
LH:0
BRF:0
BRH:0
end_of_record
TN:
SF:src/components/ui/dropdown-menu.tsx
FN:7,DropdownMenu
FN:13,DropdownMenuPortal
FN:21,DropdownMenuTrigger
FN:32,DropdownMenuContent
FN:52,DropdownMenuGroup
FN:60,DropdownMenuItem
FN:83,DropdownMenuCheckboxItem
FN:109,DropdownMenuRadioGroup
FN:120,DropdownMenuRadioItem
FN:144,DropdownMenuLabel
FN:164,DropdownMenuSeparator
FN:177,DropdownMenuShortcut
FN:193,DropdownMenuSub
FN:199,DropdownMenuSubTrigger
FN:223,DropdownMenuSubContent
FNF:15
FNH:0
FNDA:0,DropdownMenu
FNDA:0,DropdownMenuPortal
FNDA:0,DropdownMenuTrigger
FNDA:0,DropdownMenuContent
FNDA:0,DropdownMenuGroup
FNDA:0,DropdownMenuItem
FNDA:0,DropdownMenuCheckboxItem
FNDA:0,DropdownMenuRadioGroup
FNDA:0,DropdownMenuRadioItem
FNDA:0,DropdownMenuLabel
FNDA:0,DropdownMenuSeparator
FNDA:0,DropdownMenuShortcut
FNDA:0,DropdownMenuSub
FNDA:0,DropdownMenuSubTrigger
FNDA:0,DropdownMenuSubContent
DA:1,0
DA:2,0
DA:3,0
DA:5,0
DA:8,0
DA:10,0
DA:14,0
DA:16,0
DA:22,0
DA:24,0
DA:34,0
DA:35,0
DA:37,0
DA:53,0
DA:55,0
DA:63,0
DA:64,0
DA:69,0
DA:86,0
DA:87,0
DA:89,0
DA:110,0
DA:112,0
DA:122,0
DA:123,0
DA:125,0
DA:146,0
DA:147,0
DA:151,0
DA:165,0
DA:166,0
DA:168,0
DA:178,0
DA:179,0
DA:181,0
DA:194,0
DA:196,0
DA:202,0
DA:203,0
DA:207,0
DA:224,0
DA:225,0
DA:227,0
DA:240,0
DA:241,0
DA:242,0
DA:243,0
DA:244,0
DA:245,0
DA:246,0
DA:247,0
DA:248,0
DA:249,0
DA:250,0
DA:251,0
DA:252,0
DA:253,0
DA:254,0
LF:58
LH:0
BRDA:34,0,0,0
BRDA:63,1,0,0
BRF:2
BRH:0
end_of_record
TN:
SF:src/components/ui/empty.tsx
FN:5,Empty
FN:18,EmptyHeader
FN:46,EmptyMedia
FN:61,EmptyTitle
FN:71,EmptyDescription
FN:84,EmptyContent
FNF:6
FNH:0
FNDA:0,Empty
FNDA:0,EmptyHeader
FNDA:0,EmptyMedia
FNDA:0,EmptyTitle
FNDA:0,EmptyDescription
FNDA:0,EmptyContent
DA:1,0
DA:3,0
DA:5,0
DA:6,0
DA:18,0
DA:19,0
DA:31,0
DA:48,0
DA:49,0
DA:51,0
DA:61,0
DA:62,0
DA:71,0
DA:72,0
DA:84,0
DA:85,0
DA:98,0
DA:99,0
DA:100,0
DA:101,0
DA:102,0
DA:103,0
LF:22
LH:0
BRDA:48,0,0,0
BRF:1
BRH:0
end_of_record
TN:
SF:src/components/ui/field.tsx
FN:8,FieldSet
FN:22,FieldLegend
FN:42,FieldGroup
FN:79,Field
FN:95,FieldContent
FN:108,FieldLabel
FN:126,FieldTitle
FN:139,FieldDescription
FN:154,FieldSeparator
FN:184,FieldError
FN:192,(anonymous_11)
FN:202,(anonymous_12)
FN:212,(anonymous_13)
FNF:13
FNH:0
FNDA:0,FieldSet
FNDA:0,FieldLegend
FNDA:0,FieldGroup
FNDA:0,Field
FNDA:0,FieldContent
FNDA:0,FieldLabel
FNDA:0,FieldTitle
FNDA:0,FieldDescription
FNDA:0,FieldSeparator
FNDA:0,FieldError
FNDA:0,(anonymous_11)
FNDA:0,(anonymous_12)
FNDA:0,(anonymous_13)
DA:1,0
DA:2,0
DA:4,0
DA:5,0
DA:6,0
DA:8,0
DA:9,0
DA:24,0
DA:25,0
DA:27,0
DA:42,0
DA:43,0
DA:55,0
DA:81,0
DA:82,0
DA:84,0
DA:95,0
DA:96,0
DA:109,0
DA:110,0
DA:112,0
DA:126,0
DA:127,0
DA:139,0
DA:140,0
DA:156,0
DA:157,0
DA:161,0
DA:187,0
DA:188,0
DA:192,0
DA:193,0
DA:194,0
DA:197,0
DA:198,0
DA:201,0
DA:202,0
DA:205,0
DA:206,0
DA:209,0
DA:213,0
DA:219,0
DA:220,0
DA:223,0
DA:236,0
DA:237,0
DA:238,0
DA:239,0
DA:240,0
DA:241,0
DA:242,0
DA:243,0
DA:244,0
DA:245,0
LF:54
LH:0
BRDA:24,0,0,0
BRDA:81,1,0,0
BRDA:172,2,0,0
BRDA:172,2,1,0
BRDA:193,3,0,0
BRDA:197,4,0,0
BRDA:197,5,0,0
BRDA:197,5,1,0
BRDA:197,6,0,0
BRDA:197,6,1,0
BRDA:202,7,0,0
BRDA:202,7,1,0
BRDA:202,8,0,0
BRDA:202,8,1,0
BRDA:205,9,0,0
BRDA:205,10,0,0
BRDA:205,10,1,0
BRDA:205,11,0,0
BRDA:205,11,1,0
BRDA:206,12,0,0
BRDA:206,12,1,0
BRDA:206,13,0,0
BRDA:206,13,1,0
BRDA:213,14,0,0
BRDA:213,14,1,0
BRDA:213,15,0,0
BRDA:213,15,1,0
BRDA:213,16,0,0
BRDA:213,16,1,0
BRDA:219,17,0,0
BRF:30
BRH:0
end_of_record
TN:
SF:src/components/ui/form.tsx
FN:32,(anonymous_10)
FN:45,(anonymous_11)
FN:76,FormItem
FN:90,FormLabel
FN:107,FormControl
FN:125,FormDescription
FN:138,FormMessage
FNF:7
FNH:0
FNDA:0,(anonymous_10)
FNDA:0,(anonymous_11)
FNDA:0,FormItem
FNDA:0,FormLabel
FNDA:0,FormControl
FNDA:0,FormDescription
FNDA:0,FormMessage
DA:3,0
DA:5,0
DA:6,0
DA:16,0
DA:17,0
DA:19,0
DA:28,0
DA:32,0
DA:36,0
DA:38,0
DA:45,0
DA:46,0
DA:47,0
DA:48,0
DA:49,0
DA:50,0
DA:52,0
DA:53,0
DA:56,0
DA:58,0
DA:72,0
DA:76,0
DA:77,0
DA:79,0
DA:91,0
DA:92,0
DA:94,0
DA:96,0
DA:107,0
DA:108,0
DA:110,0
DA:125,0
DA:126,0
DA:128,0
DA:138,0
DA:139,0
DA:140,0
DA:142,0
DA:143,0
DA:146,0
DA:159,0
DA:160,0
DA:161,0
DA:162,0
DA:163,0
DA:164,0
DA:165,0
DA:166,0
LF:48
LH:0
BRDA:52,0,0,0
BRDA:115,1,0,0
BRDA:115,1,1,0
BRDA:140,2,0,0
BRDA:140,2,1,0
BRDA:140,3,0,0
BRDA:140,3,1,0
BRDA:140,4,0,0
BRDA:140,4,1,0
BRDA:140,5,0,0
BRDA:140,5,1,0
BRDA:140,6,0,0
BRDA:140,6,1,0
BRDA:142,7,0,0
BRF:14
BRH:0
end_of_record
TN:
SF:src/components/ui/hover-card.tsx
FN:8,HoverCard
FN:14,HoverCardTrigger
FN:22,HoverCardContent
FNF:3
FNH:0
FNDA:0,HoverCard
FNDA:0,HoverCardTrigger
FNDA:0,HoverCardContent
DA:3,0
DA:4,0
DA:6,0
DA:9,0
DA:11,0
DA:15,0
DA:17,0
DA:25,0
DA:26,0
DA:28,0
DA:44,0
LF:11
LH:0
BRDA:24,0,0,0
BRDA:25,1,0,0
BRF:2
BRH:0
end_of_record
TN:
SF:src/components/ui/input-group.tsx
FN:11,InputGroup
FN:60,InputGroupAddon
FN:71,(anonymous_12)
FN:100,InputGroupButton
FN:119,InputGroupText
FN:131,InputGroupInput
FN:147,InputGroupTextarea
FNF:7
FNH:0
FNDA:0,InputGroup
FNDA:0,InputGroupAddon
FNDA:0,(anonymous_12)
FNDA:0,InputGroupButton
FNDA:0,InputGroupText
FNDA:0,InputGroupInput
FNDA:0,InputGroupTextarea
DA:3,0
DA:4,0
DA:6,0
DA:7,0
DA:8,0
DA:9,0
DA:11,0
DA:12,0
DA:39,0
DA:62,0
DA:63,0
DA:65,0
DA:72,0
DA:73,0
DA:75,0
DA:82,0
DA:104,0
DA:105,0
DA:108,0
DA:119,0
DA:120,0
DA:132,0
DA:133,0
DA:135,0
DA:148,0
DA:149,0
DA:151,0
DA:164,0
DA:165,0
DA:166,0
DA:167,0
DA:168,0
DA:169,0
LF:33
LH:0
BRDA:62,0,0,0
BRDA:72,1,0,0
BRDA:75,2,0,0
BRDA:75,2,1,0
BRDA:75,3,0,0
BRDA:75,3,1,0
BRDA:75,4,0,0
BRDA:75,4,1,0
BRDA:75,5,0,0
BRDA:75,5,1,0
BRDA:102,6,0,0
BRDA:103,7,0,0
BRDA:104,8,0,0
BRF:13
BRH:0
end_of_record
TN:
SF:src/components/ui/input-otp.tsx
FN:7,InputOTP
FN:27,InputOTPGroup
FN:37,InputOTPSlot
FN:67,InputOTPSeparator
FNF:4
FNH:0
FNDA:0,InputOTP
FNDA:0,InputOTPGroup
FNDA:0,InputOTPSlot
FNDA:0,InputOTPSeparator
DA:1,0
DA:2,0
DA:3,0
DA:5,0
DA:9,0
DA:10,0
DA:14,0
DA:27,0
DA:28,0
DA:39,0
DA:40,0
DA:44,0
DA:45,0
DA:47,0
DA:67,0
DA:68,0
DA:75,0
LF:17
LH:0
BRDA:45,0,0,0
BRDA:45,0,1,0
BRDA:45,1,0,0
BRDA:45,1,1,0
BRDA:45,2,0,0
BRDA:45,2,1,0
BRDA:45,3,0,0
BRDA:45,3,1,0
BRDA:58,4,0,0
BRDA:58,4,1,0
BRF:10
BRH:0
end_of_record
TN:
SF:src/components/ui/input.tsx
FN:5,Input
FNF:1
FNH:0
FNDA:0,Input
DA:1,0
DA:3,0
DA:5,0
DA:6,0
DA:21,0
LF:5
LH:0
BRF:0
BRH:0
end_of_record
TN:
SF:src/components/ui/item.tsx
FN:8,ItemGroup
FN:19,ItemSeparator
FN:54,Item
FN:91,ItemMedia
FN:106,ItemContent
FN:119,ItemTitle
FN:132,ItemDescription
FN:146,ItemActions
FN:156,ItemHeader
FN:169,ItemFooter
FNF:10
FNH:0
FNDA:0,ItemGroup
FNDA:0,ItemSeparator
FNDA:0,Item
FNDA:0,ItemMedia
FNDA:0,ItemContent
FNDA:0,ItemTitle
FNDA:0,ItemDescription
FNDA:0,ItemActions
FNDA:0,ItemHeader
FNDA:0,ItemFooter
DA:1,0
DA:2,0
DA:3,0
DA:5,0
DA:6,0
DA:8,0
DA:9,0
DA:20,0
DA:21,0
DA:23,0
DA:33,0
DA:58,0
DA:59,0
DA:62,0
DA:63,0
DA:74,0
DA:93,0
DA:94,0
DA:96,0
DA:106,0
DA:107,0
DA:119,0
DA:120,0
DA:132,0
DA:133,0
DA:146,0
DA:147,0
DA:156,0
DA:157,0
DA:169,0
DA:170,0
DA:183,0
DA:184,0
DA:185,0
DA:186,0
DA:187,0
DA:188,0
DA:189,0
DA:190,0
DA:191,0
DA:192,0
LF:41
LH:0
BRDA:56,0,0,0
BRDA:57,1,0,0
BRDA:58,2,0,0
BRDA:62,3,0,0
BRDA:62,3,1,0
BRDA:93,4,0,0
BRF:6
BRH:0
end_of_record
TN:
SF:src/components/ui/kbd.tsx
FN:3,Kbd
FN:18,KbdGroup
FNF:2
FNH:0
FNDA:0,Kbd
FNDA:0,KbdGroup
DA:1,0
DA:3,0
DA:4,0
DA:18,0
DA:19,0
DA:28,0
LF:6
LH:0
BRF:0
BRH:0
end_of_record
TN:
SF:src/components/ui/label.tsx
FN:8,Label
FNF:1
FNH:0
FNDA:0,Label
DA:3,0
DA:4,0
DA:6,0
DA:9,0
DA:10,0
DA:12,0
DA:24,0
LF:7
LH:0
BRF:0
BRH:0
end_of_record
TN:
SF:src/components/ui/menubar.tsx
FN:7,Menubar
FN:23,MenubarMenu
FN:29,MenubarGroup
FN:35,MenubarPortal
FN:41,MenubarRadioGroup
FN:49,MenubarTrigger
FN:65,MenubarContent
FN:89,MenubarItem
FN:112,MenubarCheckboxItem
FN:138,MenubarRadioItem
FN:162,MenubarLabel
FN:182,MenubarSeparator
FN:195,MenubarShortcut
FN:211,MenubarSub
FN:217,MenubarSubTrigger
FN:241,MenubarSubContent
FNF:16
FNH:0
FNDA:0,Menubar
FNDA:0,MenubarMenu
FNDA:0,MenubarGroup
FNDA:0,MenubarPortal
FNDA:0,MenubarRadioGroup
FNDA:0,MenubarTrigger
FNDA:0,MenubarContent
FNDA:0,MenubarItem
FNDA:0,MenubarCheckboxItem
FNDA:0,MenubarRadioItem
FNDA:0,MenubarLabel
FNDA:0,MenubarSeparator
FNDA:0,MenubarShortcut
FNDA:0,MenubarSub
FNDA:0,MenubarSubTrigger
FNDA:0,MenubarSubContent
DA:1,0
DA:2,0
DA:3,0
DA:5,0
DA:8,0
DA:9,0
DA:11,0
DA:24,0
DA:26,0
DA:30,0
DA:32,0
DA:36,0
DA:38,0
DA:42,0
DA:44,0
DA:50,0
DA:51,0
DA:53,0
DA:69,0
DA:70,0
DA:72,0
DA:92,0
DA:93,0
DA:98,0
DA:115,0
DA:116,0
DA:118,0
DA:140,0
DA:141,0
DA:143,0
DA:164,0
DA:165,0
DA:169,0
DA:183,0
DA:184,0
DA:186,0
DA:196,0
DA:197,0
DA:199,0
DA:212,0
DA:214,0
DA:220,0
DA:221,0
DA:225,0
DA:242,0
DA:243,0
DA:245,0
DA:258,0
DA:259,0
DA:260,0
DA:261,0
DA:262,0
DA:263,0
DA:264,0
DA:265,0
DA:266,0
DA:267,0
DA:268,0
DA:269,0
DA:270,0
DA:271,0
DA:272,0
DA:273,0
LF:63
LH:0
BRDA:67,0,0,0
BRDA:68,1,0,0
BRDA:69,2,0,0
BRDA:92,3,0,0
BRF:4
BRH:0
end_of_record
TN:
SF:src/components/ui/navigation-menu.tsx
FN:8,NavigationMenu
FN:32,NavigationMenuList
FN:48,NavigationMenuItem
FN:65,NavigationMenuTrigger
FN:85,NavigationMenuContent
FN:102,NavigationMenuViewport
FN:124,NavigationMenuLink
FN:140,NavigationMenuIndicator
FNF:8
FNH:0
FNDA:0,NavigationMenu
FNDA:0,NavigationMenuList
FNDA:0,NavigationMenuItem
FNDA:0,NavigationMenuTrigger
FNDA:0,NavigationMenuContent
FNDA:0,NavigationMenuViewport
FNDA:0,NavigationMenuLink
FNDA:0,NavigationMenuIndicator
DA:1,0
DA:2,0
DA:3,0
DA:4,0
DA:6,0
DA:11,0
DA:12,0
DA:16,0
DA:33,0
DA:34,0
DA:36,0
DA:49,0
DA:50,0
DA:52,0
DA:61,0
DA:67,0
DA:68,0
DA:70,0
DA:86,0
DA:87,0
DA:89,0
DA:103,0
DA:104,0
DA:106,0
DA:125,0
DA:126,0
DA:128,0
DA:141,0
DA:142,0
DA:144,0
DA:159,0
DA:160,0
DA:161,0
DA:162,0
DA:163,0
DA:164,0
DA:165,0
DA:166,0
DA:167,0
LF:39
LH:0
BRDA:11,0,0,0
BRDA:27,1,0,0
BRDA:27,1,1,0
BRF:3
BRH:0
end_of_record
TN:
SF:src/components/ui/pagination.tsx
FN:11,Pagination
FN:23,PaginationContent
FN:36,PaginationItem
FN:45,PaginationLink
FN:68,PaginationPrevious
FN:85,PaginationNext
FN:102,PaginationEllipsis
FNF:7
FNH:0
FNDA:0,Pagination
FNDA:0,PaginationContent
FNDA:0,PaginationItem
FNDA:0,PaginationLink
FNDA:0,PaginationPrevious
FNDA:0,PaginationNext
FNDA:0,PaginationEllipsis
DA:1,0
DA:2,0
DA:8,0
DA:9,0
DA:11,0
DA:12,0
DA:24,0
DA:25,0
DA:27,0
DA:36,0
DA:37,0
DA:48,0
DA:49,0
DA:51,0
DA:69,0
DA:70,0
DA:72,0
DA:86,0
DA:87,0
DA:89,0
DA:103,0
DA:104,0
DA:106,0
DA:120,0
DA:121,0
DA:122,0
DA:123,0
DA:124,0
DA:125,0
DA:126,0
LF:30
LH:0
BRDA:48,0,0,0
BRDA:53,1,0,0
BRDA:53,1,1,0
BRDA:58,2,0,0
BRDA:58,2,1,0
BRF:5
BRH:0
end_of_record
TN:
SF:src/components/ui/popover.tsx
FN:8,Popover
FN:14,PopoverTrigger
FN:20,PopoverContent
FN:42,PopoverAnchor
FNF:4
FNH:0
FNDA:0,Popover
FNDA:0,PopoverTrigger
FNDA:0,PopoverContent
FNDA:0,PopoverAnchor
DA:3,0
DA:4,0
DA:6,0
DA:9,0
DA:11,0
DA:15,0
DA:17,0
DA:23,0
DA:24,0
DA:26,0
DA:43,0
DA:45,0
DA:48,0
LF:13
LH:0
BRDA:22,0,0,0
BRDA:23,1,0,0
BRF:2
BRH:0
end_of_record
TN:
SF:src/components/ui/progress.tsx
FN:6,Progress
FNF:1
FNH:0
FNDA:0,Progress
DA:1,0
DA:2,0
DA:4,0
DA:8,0
DA:9,0
DA:11,0
DA:29,0
LF:7
LH:0
BRDA:23,0,0,0
BRDA:23,0,1,0
BRF:2
BRH:0
end_of_record
TN:
SF:src/components/ui/radio-group.tsx
FN:9,RadioGroup
FN:22,RadioGroupItem
FNF:2
FNH:0
FNDA:0,RadioGroup
FNDA:0,RadioGroupItem
DA:3,0
DA:4,0
DA:5,0
DA:7,0
DA:10,0
DA:11,0
DA:13,0
DA:23,0
DA:24,0
DA:26,0
DA:45,0
LF:11
LH:0
BRF:0
BRH:0
end_of_record
TN:
SF:src/components/ui/resizable.tsx
FN:7,ResizablePanelGroup
FN:23,ResizablePanel
FN:29,ResizableHandle
FNF:3
FNH:0
FNDA:0,ResizablePanelGroup
FNDA:0,ResizablePanel
FNDA:0,ResizableHandle
DA:1,0
DA:2,0
DA:3,0
DA:5,0
DA:8,0
DA:9,0
DA:11,0
DA:24,0
DA:26,0
DA:31,0
DA:32,0
DA:36,0
DA:54,0
LF:13
LH:0
BRDA:45,0,0,0
BRDA:45,0,1,0
BRF:2
BRH:0
end_of_record
TN:
SF:src/components/ui/scroll-area.tsx
FN:8,ScrollArea
FN:31,ScrollBar
FNF:2
FNH:0
FNDA:0,ScrollArea
FNDA:0,ScrollBar
DA:3,0
DA:4,0
DA:6,0
DA:10,0
DA:11,0
DA:13,0
DA:33,0
DA:34,0
DA:36,0
DA:58,0
LF:10
LH:0
BRDA:33,0,0,0
BRDA:42,1,0,0
BRDA:42,1,1,0
BRDA:44,2,0,0
BRDA:44,2,1,0
BRF:5
BRH:0
end_of_record
TN:
SF:src/components/ui/select.tsx
FN:7,Select
FN:13,SelectGroup
FN:19,SelectValue
FN:25,SelectTrigger
FN:51,SelectContent
FN:88,SelectLabel
FN:101,SelectItem
FN:128,SelectSeparator
FN:141,SelectScrollUpButton
FN:159,SelectScrollDownButton
FNF:10
FNH:0
FNDA:0,Select
FNDA:0,SelectGroup
FNDA:0,SelectValue
FNDA:0,SelectTrigger
FNDA:0,SelectContent
FNDA:0,SelectLabel
FNDA:0,SelectItem
FNDA:0,SelectSeparator
FNDA:0,SelectScrollUpButton
FNDA:0,SelectScrollDownButton
DA:1,0
DA:2,0
DA:3,0
DA:5,0
DA:8,0
DA:10,0
DA:14,0
DA:16,0
DA:20,0
DA:22,0
DA:28,0
DA:29,0
DA:33,0
DA:55,0
DA:56,0
DA:58,0
DA:89,0
DA:90,0
DA:92,0
DA:103,0
DA:104,0
DA:106,0
DA:129,0
DA:130,0
DA:132,0
DA:142,0
DA:143,0
DA:145,0
DA:160,0
DA:161,0
DA:163,0
DA:178,0
DA:179,0
DA:180,0
DA:181,0
DA:182,0
DA:183,0
DA:184,0
DA:185,0
DA:186,0
DA:187,0
LF:41
LH:0
BRDA:27,0,0,0
BRDA:54,1,0,0
BRDA:55,2,0,0
BRDA:64,3,0,0
BRDA:64,3,1,0
BRDA:76,4,0,0
BRDA:76,4,1,0
BRF:7
BRH:0
end_of_record
TN:
SF:src/components/ui/separator.tsx
FN:8,Separator
FNF:1
FNH:0
FNDA:0,Separator
DA:3,0
DA:4,0
DA:6,0
DA:11,0
DA:12,0
DA:14,0
DA:28,0
LF:7
LH:0
BRDA:10,0,0,0
BRDA:11,1,0,0
BRF:2
BRH:0
end_of_record
TN:
SF:src/components/ui/sheet.tsx
FN:7,Sheet
FN:11,SheetTrigger
FN:17,SheetClose
FN:23,SheetPortal
FN:29,SheetOverlay
FN:45,SheetContent
FN:82,SheetHeader
FN:92,SheetFooter
FN:102,SheetTitle
FN:115,SheetDescription
FNF:10
FNH:0
FNDA:0,Sheet
FNDA:0,SheetTrigger
FNDA:0,SheetClose
FNDA:0,SheetPortal
FNDA:0,SheetOverlay
FNDA:0,SheetContent
FNDA:0,SheetHeader
FNDA:0,SheetFooter
FNDA:0,SheetTitle
FNDA:0,SheetDescription
DA:1,0
DA:2,0
DA:3,0
DA:5,0
DA:7,0
DA:8,0
DA:12,0
DA:14,0
DA:18,0
DA:20,0
DA:24,0
DA:26,0
DA:30,0
DA:31,0
DA:33,0
DA:48,0
DA:49,0
DA:53,0
DA:82,0
DA:83,0
DA:92,0
DA:93,0
DA:103,0
DA:104,0
DA:106,0
DA:116,0
DA:117,0
DA:119,0
DA:129,0
DA:130,0
DA:131,0
DA:132,0
DA:133,0
DA:134,0
DA:135,0
DA:136,0
LF:36
LH:0
BRDA:48,0,0,0
BRDA:60,1,0,0
BRDA:60,1,1,0
BRDA:62,2,0,0
BRDA:62,2,1,0
BRDA:64,3,0,0
BRDA:64,3,1,0
BRDA:66,4,0,0
BRDA:66,4,1,0
BRF:9
BRH:0
end_of_record
TN:
SF:src/components/ui/sidebar.tsx
FN:47,useSidebar
FN:56,SidebarProvider
FN:77,(anonymous_12)
FN:92,(anonymous_13)
FN:93,(anonymous_14)
FN:93,(anonymous_15)
FN:97,(anonymous_16)
FN:98,(anonymous_17)
FN:109,(anonymous_18)
FN:117,(anonymous_19)
FN:154,Sidebar
FN:256,SidebarTrigger
FN:270,(anonymous_22)
FN:282,SidebarRail
FN:307,SidebarInset
FN:321,SidebarInput
FN:335,SidebarHeader
FN:346,SidebarFooter
FN:357,SidebarSeparator
FN:371,SidebarContent
FN:385,SidebarGroup
FN:396,SidebarGroupLabel
FN:417,SidebarGroupAction
[...]
BRDA:857,218,0,0
BRDA:857,218,1,0
BRDA:859,219,0,0
BRDA:859,219,1,0
BRDA:859,220,0,0
BRDA:859,220,1,0
BRDA:859,221,0,0
BRDA:859,221,1,0
BRDA:860,222,0,0
BRDA:860,222,1,0
BRDA:861,223,0,0
BRDA:861,223,1,0
BRDA:888,224,0,0
BRDA:888,224,1,0
BRDA:892,225,0,0
BRDA:892,225,1,0
BRDA:906,226,0,0
BRDA:906,226,1,0
BRDA:909,227,0,0
BRDA:909,227,1,0
BRDA:912,228,0,0
BRDA:912,228,1,0
BRDA:920,229,0,0
BRDA:920,229,1,0
BRDA:924,230,0,0
BRDA:924,230,1,0
BRDA:936,231,0,0
BRDA:937,232,0,0
BRDA:937,232,1,0
BRDA:953,233,0,0
BRDA:953,233,1,0
BRDA:955,234,0,0
BRDA:955,234,1,0
BRDA:959,235,0,0
BRDA:959,235,1,0
BRDA:1006,236,0,0
BRDA:1006,236,1,0
BRDA:1007,237,0,0
BRDA:1007,237,1,0
BRDA:1007,238,0,0
BRDA:1007,238,1,0
BRDA:1007,239,0,0
BRDA:1007,239,1,0
BRDA:1007,240,0,0
BRDA:1007,240,1,0
BRDA:1007,241,0,0
BRDA:1007,241,1,0
BRDA:1007,242,0,0
BRDA:1007,242,1,0
BRDA:1007,243,0,0
BRDA:1007,243,1,0
BRDA:1007,244,0,0
BRDA:1007,244,1,0
BRDA:1007,245,0,0
BRDA:1007,245,1,0
BRDA:1007,246,0,0
BRDA:1007,246,1,0
BRDA:1010,247,0,0
BRDA:1010,247,1,0
BRDA:1010,248,0,0
BRDA:1010,248,1,0
BRDA:1010,249,0,0
BRDA:1010,249,1,0
BRDA:1010,250,0,0
BRDA:1010,250,1,0
BRDA:1010,251,0,0
BRDA:1010,251,1,0
BRDA:1018,252,0,0
BRDA:1018,252,1,0
BRDA:1018,253,0,0
BRDA:1018,253,1,0
BRDA:1018,254,0,0
BRDA:1018,254,1,0
BRDA:1018,255,0,0
BRDA:1018,255,1,0
BRDA:1018,256,0,0
BRDA:1018,256,1,0
BRDA:1024,257,0,0
BRDA:1024,257,1,0
BRDA:1029,258,0,0
BRDA:1029,258,1,0
BRDA:1041,259,0,0
BRDA:1041,259,1,0
BRDA:1071,260,0,0
BRDA:1071,260,1,0
BRDA:1071,260,2,0
BRDA:1072,261,0,0
BRDA:1078,262,0,0
BRDA:1078,262,1,0
BRDA:1084,263,0,0
BRDA:1084,263,1,0
BRDA:1143,264,0,0
BRDA:1143,264,1,0
BRDA:1145,265,0,0
BRDA:1145,265,1,0
BRDA:1156,266,0,0
BRDA:1156,266,1,0
BRDA:1156,266,2,0
BRDA:1200,267,0,0
BRDA:1200,267,1,0
BRDA:1200,267,2,0
BRDA:1200,268,0,0
BRDA:1200,268,1,0
BRDA:1200,269,0,0
BRDA:1200,269,1,0
BRDA:1207,270,0,0
BRDA:1207,270,1,0
BRDA:1208,271,0,0
BRDA:1208,271,1,0
BRDA:1209,272,0,0
BRDA:1209,272,1,0
BRDA:1210,273,0,0
BRDA:1210,273,1,0
BRDA:1213,274,0,0
BRDA:1213,274,1,0
BRDA:1213,274,2,0
BRDA:1214,275,0,0
BRDA:1214,275,1,0
BRDA:1216,276,0,0
BRDA:1216,276,1,0
BRDA:1216,276,2,0
BRDA:1226,277,0,0
BRDA:1226,277,1,0
BRDA:1238,278,0,0
BRDA:1238,278,1,0
BRDA:1240,279,0,0
BRDA:1240,279,1,0
BRDA:1245,280,0,0
BRDA:1245,280,1,0
BRDA:1247,281,0,0
BRDA:1247,281,1,0
BRDA:1251,282,0,0
BRDA:1251,282,1,0
BRDA:1254,283,0,0
BRDA:1254,283,1,0
BRDA:1258,284,0,0
BRDA:1258,284,1,0
BRDA:1268,285,0,0
BRDA:1268,285,1,0
BRDA:1289,286,0,0
BRDA:1289,286,1,0
BRDA:1301,287,0,0
BRDA:1301,287,1,0
BRDA:1320,288,0,0
BRDA:1320,288,1,0
BRDA:1341,289,0,0
BRDA:1341,289,1,0
BRDA:1349,290,0,0
BRDA:1349,290,1,0
BRDA:1349,290,2,0
BRDA:1350,291,0,0
BRDA:1350,291,1,0
BRDA:1351,292,0,0
BRDA:1351,292,1,0
BRDA:1357,293,0,0
BRDA:1357,293,1,0
BRDA:1357,294,0,0
BRDA:1357,294,1,0
BRDA:1357,295,0,0
BRDA:1357,295,1,0
BRDA:1357,296,0,0
BRDA:1357,296,1,0
BRDA:1375,297,0,0
BRDA:1375,297,1,0
BRDA:1398,298,0,0
BRDA:1398,298,1,0
BRDA:1399,299,0,0
BRDA:1399,299,1,0
BRDA:1400,300,0,0
BRDA:1400,300,1,0
BRDA:1400,301,0,0
BRDA:1400,301,1,0
BRDA:1400,302,0,0
BRDA:1400,302,1,0
BRDA:1401,303,0,0
BRDA:1401,303,1,0
BRDA:1403,304,0,0
BRDA:1403,304,1,0
BRDA:1405,305,0,0
BRDA:1405,305,1,0
BRDA:1432,306,0,0
BRDA:1432,306,1,0
BRDA:1432,307,0,0
BRDA:1432,307,1,0
BRDA:1432,308,0,0
BRDA:1432,308,1,0
BRDA:1435,309,0,0
BRDA:1435,309,1,0
BRDA:1436,310,0,0
BRDA:1436,310,1,0
BRDA:1437,311,0,0
BRDA:1437,311,1,0
BRDA:1441,312,0,0
BRDA:1441,312,1,0
BRDA:1449,313,0,0
BRDA:1449,313,1,0
BRDA:1453,314,0,0
BRDA:1453,314,1,0
BRDA:1453,314,2,0
BRF:628
BRH:0
end_of_record
TN:
SF:src/pages/PartnerDetail.tsx
FN:30,getVendor
FN:36,getVendorRatings
FN:42,PartnerDetail
FN:46,(anonymous_21)
FN:47,(anonymous_22)
FN:56,(anonymous_23)
FN:56,(anonymous_24)
FN:82,(anonymous_25)
FN:161,(anonymous_26)
FN:164,(anonymous_27)
FN:182,(anonymous_28)
FN:223,(anonymous_29)
FNF:12
FNH:0
FNDA:0,getVendor
FNDA:0,getVendorRatings
FNDA:0,PartnerDetail
FNDA:0,(anonymous_21)
FNDA:0,(anonymous_22)
FNDA:0,(anonymous_23)
FNDA:0,(anonymous_24)
FNDA:0,(anonymous_25)
FNDA:0,(anonymous_26)
FNDA:0,(anonymous_27)
FNDA:0,(anonymous_28)
FNDA:0,(anonymous_29)
DA:1,0
DA:2,0
DA:3,0
DA:4,0
DA:5,0
DA:7,0
DA:31,0
DA:32,0
DA:33,0
DA:37,0
DA:38,0
DA:39,0
DA:42,0
DA:43,0
DA:44,0
DA:46,0
DA:47,0
DA:49,0
DA:51,0
DA:52,0
DA:53,0
DA:54,0
DA:56,0
DA:57,0
DA:58,0
DA:59,0
DA:62,0
DA:63,0
DA:64,0
DA:65,0
DA:74,0
DA:75,0
DA:76,0
DA:79,0
DA:80,0
DA:81,0
DA:82,0
DA:84,0
DA:86,0
DA:90,0
DA:91,0
DA:93,0
DA:95,0
DA:162,0
DA:164,0
DA:182,0
DA:224,0
LF:47
LH:0
BRDA:7,0,0,0
BRDA:7,0,1,0
BRDA:32,1,0,0
BRDA:38,2,0,0
BRDA:49,3,0,0
BRDA:49,3,1,0
BRDA:49,4,0,0
BRDA:49,4,1,0
BRDA:49,5,0,0
BRDA:49,5,1,0
BRDA:49,6,0,0
BRDA:49,6,1,0
BRDA:49,7,0,0
BRDA:49,7,1,0
BRDA:49,8,0,0
BRDA:49,8,1,0
BRDA:57,9,0,0
BRDA:70,10,0,0
BRDA:70,10,1,0
BRDA:74,11,0,0
BRDA:76,12,0,0
BRDA:76,12,1,0
BRDA:84,13,0,0
BRDA:84,13,1,0
BRDA:90,14,0,0
BRDA:91,15,0,0
BRDA:93,16,0,0
BRDA:93,16,1,0
BRDA:93,17,0,0
BRDA:93,17,1,0
BRDA:93,18,0,0
BRDA:93,18,1,0
BRDA:104,19,0,0
BRDA:104,19,1,0
BRDA:112,20,0,0
BRDA:112,20,1,0
BRDA:139,21,0,0
BRDA:139,21,1,0
BRDA:154,22,0,0
BRDA:154,22,1,0
BRDA:165,23,0,0
BRDA:165,23,1,0
BRDA:189,24,0,0
BRDA:189,24,1,0
BRDA:191,25,0,0
BRDA:191,25,1,0
BRDA:204,26,0,0
BRDA:204,26,1,0
BRDA:217,27,0,0
BRDA:217,27,1,0
BRDA:219,28,0,0
BRDA:219,28,1,0
BRDA:229,29,0,0
BRDA:229,29,1,0
BRF:54
BRH:0
end_of_record
TN:
SF:src/pages/Partners.tsx
FN:22,getVendors
FN:28,Partners
FN:34,(anonymous_19)
FN:57,(anonymous_20)
FN:60,(anonymous_21)
FN:74,(anonymous_22)
FNF:6
FNH:0
FNDA:0,getVendors
FNDA:0,Partners
FNDA:0,(anonymous_19)
FNDA:0,(anonymous_20)
FNDA:0,(anonymous_21)
FNDA:0,(anonymous_22)
DA:1,0
DA:2,0
DA:3,0
DA:4,0
DA:6,0
DA:23,0
DA:24,0
DA:25,0
DA:28,0
DA:29,0
DA:30,0
DA:31,0
DA:33,0
DA:34,0
DA:35,0
DA:38,0
DA:58,0
DA:60,0
DA:75,0
LF:19
LH:0
BRDA:6,0,0,0
BRDA:6,0,1,0
BRDA:24,1,0,0
BRDA:33,2,0,0
BRDA:33,2,1,0
BRDA:33,3,0,0
BRDA:33,3,1,0
BRDA:33,4,0,0
BRDA:33,4,1,0
BRDA:35,5,0,0
BRDA:35,5,1,0
BRDA:35,6,0,0
BRDA:35,6,1,0
BRDA:35,7,0,0
BRDA:35,7,1,0
BRDA:62,8,0,0
BRDA:62,8,1,0
BRDA:65,9,0,0
BRDA:65,9,1,0
BRDA:70,10,0,0
BRDA:70,10,1,0
BRDA:82,11,0,0
BRDA:82,11,1,0
BRF:23
BRH:0
end_of_record
TN:
SF:src/pages/Principles.tsx
FN:4,Principles
FN:70,(anonymous_1)
FNF:2
FNH:0
FNDA:0,Principles
FNDA:0,(anonymous_1)
DA:1,0
DA:2,0
DA:4,0
DA:5,0
DA:7,0
DA:34,0
DA:71,0
LF:7
LH:0
BRF:0
BRH:0
end_of_record
TN:
SF:src/pages/ResearchDashboard.tsx
FN:7,ResearchDashboard
FN:11,(anonymous_2)
FN:28,(anonymous_3)
FN:32,(anonymous_4)
FNF:4
FNH:0
FNDA:0,ResearchDashboard
FNDA:0,(anonymous_2)
FNDA:0,(anonymous_3)
FNDA:0,(anonymous_4)
DA:1,0
DA:2,0
DA:3,0
DA:7,0
DA:8,0
DA:9,0
DA:11,0
DA:12,0
DA:13,0
DA:14,0
DA:15,0
DA:19,0
DA:29,0
DA:30,0
DA:32,0
DA:33,0
DA:34,0
DA:35,0
LF:18
LH:0
BRDA:14,0,0,0
BRDA:34,1,0,0
BRDA:34,2,0,0
BRDA:34,2,1,0
BRDA:35,3,0,0
BRDA:35,3,1,0
BRF:6
BRH:0
end_of_record
TN:
SF:src/pages/SectorHealth.tsx
FN:53,formatMonths
FN:59,ReserveBar
FN:70,SortIcon
FN:82,SectorHealth
FN:89,(anonymous_4)
FN:98,(anonymous_5)
FN:100,(anonymous_6)
FN:109,handleSort
FN:110,(anonymous_8)
FN:114,(anonymous_9)
FN:115,(anonymous_10)
FN:117,(anonymous_11)
FN:122,(anonymous_12)
FN:173,(anonymous_13)
FN:277,(anonymous_14)
FN:314,(anonymous_15)
FN:320,(anonymous_16)
FN:333,(anonymous_17)
FN:359,(anonymous_18)
FN:370,(anonymous_19)
FN:371,(anonymous_20)
FN:437,(anonymous_21)
FNF:22
FNH:0
FNDA:0,formatMonths
FNDA:0,ReserveBar
FNDA:0,SortIcon
FNDA:0,SectorHealth
FNDA:0,(anonymous_4)
FNDA:0,(anonymous_5)
FNDA:0,(anonymous_6)
FNDA:0,handleSort
FNDA:0,(anonymous_8)
FNDA:0,(anonymous_9)
FNDA:0,(anonymous_10)
FNDA:0,(anonymous_11)
FNDA:0,(anonymous_12)
FNDA:0,(anonymous_13)
FNDA:0,(anonymous_14)
FNDA:0,(anonymous_15)
FNDA:0,(anonymous_16)
FNDA:0,(anonymous_17)
FNDA:0,(anonymous_18)
FNDA:0,(anonymous_19)
FNDA:0,(anonymous_20)
FNDA:0,(anonymous_21)
DA:1,0
DA:2,0
DA:3,0
DA:4,0
DA:5,0
DA:7,0
DA:13,0
DA:41,0
DA:54,0
DA:55,0
DA:56,0
DA:60,0
DA:61,0
DA:62,0
DA:63,0
DA:71,0
DA:82,0
DA:83,0
DA:88,0
DA:89,0
DA:90,0
DA:91,0
DA:92,0
DA:94,0
DA:96,0
DA:98,0
DA:100,0
DA:101,0
DA:102,0
DA:103,0
DA:104,0
DA:106,0
DA:110,0
DA:111,0
DA:114,0
DA:115,0
DA:117,0
DA:118,0
DA:122,0
DA:142,0
DA:174,0
DA:278,0
DA:315,0
DA:316,0
DA:317,0
DA:320,0
DA:333,0
DA:360,0
DA:361,0
DA:362,0
DA:363,0
DA:364,0
DA:365,0
DA:370,0
DA:372,0
DA:373,0
DA:374,0
DA:438,0
LF:58
LH:0
BRDA:54,0,0,0
BRDA:55,1,0,0
BRDA:60,2,0,0
BRDA:62,3,0,0
BRDA:62,3,1,0
BRDA:62,4,0,0
BRDA:62,4,1,0
BRDA:62,5,0,0
BRDA:62,5,1,0
BRDA:72,6,0,0
BRDA:72,6,1,0
BRDA:73,7,0,0
BRDA:73,7,1,0
BRDA:94,8,0,0
BRDA:94,8,1,0
BRDA:94,9,0,0
BRDA:94,9,1,0
BRDA:94,10,0,0
BRDA:94,10,1,0
BRDA:94,11,0,0
BRDA:94,11,1,0
BRDA:96,12,0,0
BRDA:96,12,1,0
BRDA:101,13,0,0
BRDA:101,13,1,0
BRDA:101,14,0,0
BRDA:101,14,1,0
BRDA:101,15,0,0
BRDA:101,15,1,0
BRDA:102,16,0,0
BRDA:102,16,1,0
BRDA:102,17,0,0
BRDA:102,17,1,0
BRDA:102,18,0,0
BRDA:102,18,1,0
BRDA:103,19,0,0
BRDA:103,20,0,0
BRDA:103,20,1,0
BRDA:104,21,0,0
BRDA:104,21,1,0
BRDA:106,22,0,0
BRDA:106,22,1,0
BRDA:110,23,0,0
BRDA:110,23,1,0
BRDA:119,24,0,0
BRDA:119,24,1,0
BRDA:121,25,0,0
BRDA:121,25,1,0
BRDA:126,26,0,0
BRDA:126,26,1,0
BRDA:322,27,0,0
BRDA:322,27,1,0
BRDA:327,28,0,0
BRDA:327,28,1,0
BRDA:331,29,0,0
BRDA:331,29,1,0
BRDA:342,30,0,0
BRDA:342,30,1,0
BRDA:361,31,0,0
BRDA:361,31,1,0
BRDA:362,32,0,0
BRDA:362,32,1,0
BRDA:362,33,0,0
BRDA:362,33,1,0
BRDA:363,34,0,0
BRDA:363,34,1,0
BRDA:363,35,0,0
BRDA:363,35,1,0
BRDA:372,36,0,0
BRDA:372,37,0,0
BRDA:372,37,1,0
BRDA:385,38,0,0
BRDA:385,38,1,0
BRDA:404,39,0,0
BRDA:404,39,1,0
BRDA:404,40,0,0
BRDA:404,40,1,0
BRDA:411,41,0,0
BRDA:411,41,1,0
BRDA:419,42,0,0
BRDA:419,42,1,0
BRF:81
BRH:0
end_of_record
TN:
SF:src/pages/Terms.tsx
FN:4,Terms
FNF:1
FNH:0
FNDA:0,Terms
DA:1,0
DA:2,0
DA:4,0
DA:5,0
DA:10,0
LF:5
LH:0
BRF:0
BRH:0
end_of_record
TN:
SF:src/pages/TiersPage.tsx
FN:75,TiersPage
FN:91,(anonymous_2)
FN:128,(anonymous_3)
FN:181,(anonymous_4)
FNF:4
FNH:0
FNDA:0,TiersPage
FNDA:0,(anonymous_2)
FNDA:0,(anonymous_3)
FNDA:0,(anonymous_4)
DA:1,0
DA:2,0
DA:3,0
DA:5,0
DA:12,0
DA:65,0
DA:70,0
DA:75,0
DA:76,0
DA:77,0
DA:92,0
DA:129,0
DA:130,0
DA:132,0
DA:182,0
LF:15
LH:0
BRDA:162,0,0,0
BRDA:162,0,1,0
BRDA:183,1,0,0
BRDA:183,1,1,0
BRDA:186,2,0,0
BRDA:186,2,1,0
BRDA:197,3,0,0
BRDA:197,3,1,0
BRDA:222,4,0,0
BRDA:222,4,1,0
BRF:10
BRH:0
end_of_record
TN:
SF:src/pages/VendorPolicy.tsx
FN:4,VendorPolicy
FNF:1
FNH:0
FNDA:0,VendorPolicy
DA:1,0
DA:2,0
DA:4,0
DA:5,0
DA:10,0
LF:5
LH:0
BRF:0
BRH:0
end_of_record
TN:
SF:src/pages/VolunteerSearch.tsx
FN:20,formatDate
FN:27,formatTime
FN:35,EventCard
FN:123,VolunteerSearch
FN:138,(anonymous_11)
FN:138,(anonymous_12)
FN:152,handleSubmit
FN:185,(anonymous_14)
FN:197,(anonymous_15)
FN:207,(anonymous_16)
FN:211,(anonymous_17)
FN:223,(anonymous_18)
FN:288,(anonymous_19)
FNF:13
FNH:0
FNDA:0,formatDate
FNDA:0,formatTime
FNDA:0,EventCard
FNDA:0,VolunteerSearch
FNDA:0,(anonymous_11)
FNDA:0,(anonymous_12)
FNDA:0,handleSubmit
FNDA:0,(anonymous_14)
FNDA:0,(anonymous_15)
FNDA:0,(anonymous_16)
FNDA:0,(anonymous_17)
FNDA:0,(anonymous_18)
FNDA:0,(anonymous_19)
DA:1,0
DA:2,0
DA:3,0
DA:4,0
DA:6,0
DA:21,0
DA:22,0
DA:28,0
DA:29,0
DA:30,0
DA:31,0
DA:32,0
DA:36,0
DA:40,0
DA:44,0
DA:123,0
DA:124,0
DA:129,0
DA:130,0
DA:131,0
DA:132,0
DA:133,0
DA:134,0
DA:135,0
DA:136,0
DA:138,0
DA:139,0
DA:140,0
DA:141,0
DA:142,0
DA:143,0
DA:144,0
DA:146,0
DA:148,0
DA:153,0
DA:154,0
DA:157,0
DA:185,0
DA:197,0
DA:207,0
DA:212,0
DA:223,0
DA:288,0
LF:43
LH:0
BRDA:28,0,0,0
BRDA:30,1,0,0
BRDA:30,1,1,0
BRDA:31,2,0,0
BRDA:31,2,1,0
BRDA:36,3,0,0
BRDA:36,3,1,0
BRDA:37,4,0,0
BRDA:37,4,1,0
BRDA:40,5,0,0
BRDA:40,5,1,0
BRDA:42,6,0,0
BRDA:42,6,1,0
BRDA:49,7,0,0
BRDA:49,7,1,0
BRDA:53,8,0,0
BRDA:53,8,1,0
BRDA:55,9,0,0
BRDA:55,9,1,0
BRDA:62,10,0,0
BRDA:62,10,1,0
BRDA:76,11,0,0
BRDA:76,11,1,0
BRDA:79,12,0,0
BRDA:79,12,1,0
BRDA:79,12,2,0
BRDA:84,13,0,0
BRDA:84,13,1,0
BRDA:91,14,0,0
BRDA:91,14,1,0
BRDA:103,15,0,0
BRDA:103,15,1,0
BRDA:233,16,0,0
BRDA:233,16,1,0
BRDA:239,17,0,0
BRDA:239,17,1,0
BRDA:245,18,0,0
BRDA:245,18,1,0
BRDA:245,18,2,0
BRDA:252,19,0,0
BRDA:252,19,1,0
BRDA:252,19,2,0
BRDA:252,19,3,0
BRDA:252,19,4,0
BRDA:267,20,0,0
BRDA:267,20,1,0
BRDA:267,20,2,0
BRDA:267,20,3,0
BRDA:282,21,0,0
BRDA:282,21,1,0
BRDA:282,21,2,0
BRDA:282,21,3,0
BRDA:285,22,0,0
BRDA:285,22,1,0
BRF:54
BRH:0
end_of_record
TN:
SF:src/pages/Wallet.tsx
FN:11,ImpactWallet
FN:27,(anonymous_9)
FN:34,(anonymous_10)
FN:34,(anonymous_11)
FN:84,(anonymous_12)
FN:115,(anonymous_13)
FN:144,(anonymous_14)
FN:228,(anonymous_15)
FN:237,(anonymous_16)
FN:241,(anonymous_17)
FN:243,(anonymous_18)
FN:245,(anonymous_19)
FN:255,(anonymous_20)
FN:281,(anonymous_21)
FN:290,(anonymous_22)
FN:318,(anonymous_23)
FN:375,LoggedHoursList
FN:380,(anonymous_25)
FN:381,(anonymous_26)
FN:381,(anonymous_27)
FN:412,(anonymous_28)
FNF:21
FNH:0
FNDA:0,ImpactWallet
FNDA:0,(anonymous_9)
FNDA:0,(anonymous_10)
FNDA:0,(anonymous_11)
FNDA:0,(anonymous_12)
FNDA:0,(anonymous_13)
FNDA:0,(anonymous_14)
FNDA:0,(anonymous_15)
FNDA:0,(anonymous_16)
FNDA:0,(anonymous_17)
FNDA:0,(anonymous_18)
FNDA:0,(anonymous_19)
FNDA:0,(anonymous_20)
FNDA:0,(anonymous_21)
FNDA:0,(anonymous_22)
FNDA:0,(anonymous_23)
FNDA:0,LoggedHoursList
FNDA:0,(anonymous_25)
FNDA:0,(anonymous_26)
FNDA:0,(anonymous_27)
FNDA:0,(anonymous_28)
DA:1,0
DA:2,0
DA:3,0
DA:4,0
DA:5,0
DA:6,0
DA:7,0
DA:8,0
DA:9,0
DA:11,0
DA:12,0
DA:17,0
DA:18,0
DA:19,0
DA:20,0
DA:21,0
DA:22,0
DA:23,0
DA:24,0
DA:25,0
DA:27,0
DA:28,0
DA:29,0
DA:30,0
DA:31,0
DA:34,0
DA:35,0
DA:36,0
DA:37,0
DA:38,0
DA:39,0
DA:40,0
DA:41,0
DA:44,0
DA:50,0
DA:51,0
DA:52,0
DA:54,0
DA:55,0
DA:56,0
DA:58,0
DA:62,0
DA:65,0
DA:66,0
DA:76,0
DA:77,0
DA:84,0
DA:96,0
DA:98,0
DA:115,0
DA:144,0
DA:228,0
DA:238,0
DA:240,0
DA:241,0
DA:242,0
DA:243,0
DA:244,0
DA:256,0
DA:281,0
DA:290,0
DA:319,0
DA:376,0
DA:377,0
DA:378,0
DA:380,0
DA:381,0
DA:382,0
DA:383,0
DA:384,0
DA:385,0
DA:386,0
DA:387,0
DA:389,0
DA:390,0
DA:392,0
DA:394,0
DA:397,0
DA:400,0
DA:401,0
DA:402,0
DA:410,0
DA:413,0
LF:83
LH:0
BRDA:28,0,0,0
BRDA:29,1,0,0
BRDA:38,2,0,0
BRDA:52,3,0,0
BRDA:52,3,1,0
BRDA:54,4,0,0
BRDA:54,4,1,0
BRDA:65,5,0,0
BRDA:65,6,0,0
BRDA:65,6,1,0
BRDA:76,7,0,0
BRDA:110,8,0,0
BRDA:110,8,1,0
BRDA:126,9,0,0
BRDA:126,9,1,0
BRDA:132,10,0,0
BRDA:132,10,1,0
BRDA:137,11,0,0
BRDA:137,11,1,0
BRDA:170,12,0,0
BRDA:170,12,1,0
BRDA:231,13,0,0
BRDA:231,13,1,0
BRDA:235,14,0,0
BRDA:235,14,1,0
BRDA:240,15,0,0
BRDA:242,16,0,0
BRDA:244,17,0,0
BRDA:244,17,1,0
BRDA:253,18,0,0
BRDA:253,18,1,0
BRDA:259,19,0,0
BRDA:259,19,1,0
BRDA:284,20,0,0
BRDA:284,20,1,0
BRDA:288,21,0,0
BRDA:288,21,1,0
BRDA:306,22,0,0
BRDA:306,22,1,0
BRDA:325,23,0,0
BRDA:325,23,1,0
BRDA:325,23,2,0
BRDA:340,24,0,0
BRDA:340,24,1,0
BRDA:384,25,0,0
BRDA:400,26,0,0
BRDA:401,27,0,0
BRDA:417,28,0,0
BRDA:417,28,1,0
BRF:49
BRH:0
end_of_record
TN:
SF:src/pages/WalletPage.tsx
FN:21,WalletPage
FN:39,(anonymous_11)
FN:46,(anonymous_12)
FN:49,(anonymous_13)
FN:56,(anonymous_14)
FN:61,(anonymous_15)
FN:68,(anonymous_16)
FN:71,(anonymous_17)
FN:75,(anonymous_18)
FN:83,(anonymous_19)
FN:87,(anonymous_20)
FN:88,(anonymous_21)
FN:91,(anonymous_22)
FN:92,(anonymous_23)
FN:95,(anonymous_24)
FN:100,(anonymous_25)
FN:106,(anonymous_26)
FN:142,(anonymous_27)
FN:148,(anonymous_28)
FN:173,(anonymous_29)
FN:247,(anonymous_30)
FN:264,(anonymous_31)
FNF:22
FNH:17
FNDA:37,WalletPage
FNDA:37,(anonymous_11)
FNDA:9,(anonymous_12)
FNDA:9,(anonymous_13)
FNDA:4,(anonymous_14)
FNDA:6,(anonymous_15)
FNDA:35,(anonymous_16)
FNDA:2,(anonymous_17)
FNDA:4,(anonymous_18)
FNDA:2,(anonymous_19)
FNDA:1,(anonymous_20)
FNDA:1,(anonymous_21)
FNDA:2,(anonymous_22)
FNDA:2,(anonymous_23)
FNDA:1,(anonymous_24)
FNDA:0,(anonymous_25)
FNDA:0,(anonymous_26)
FNDA:0,(anonymous_27)
FNDA:0,(anonymous_28)
FNDA:0,(anonymous_29)
FNDA:3,(anonymous_30)
FNDA:52,(anonymous_31)
DA:1,1
DA:2,1
DA:3,1
DA:4,1
DA:5,1
DA:21,1
DA:22,37
DA:27,37
DA:28,37
DA:30,37
DA:31,37
DA:35,37
DA:36,37
DA:39,37
DA:40,37
DA:43,37
DA:44,3
DA:45,3
DA:47,9
DA:49,9
DA:55,37
DA:56,4
DA:60,37
DA:61,6
DA:65,37
DA:66,37
DA:68,35
DA:69,35
DA:71,2
DA:72,1
DA:74,1
DA:75,4
DA:76,1
DA:79,37
DA:83,37
DA:84,2
DA:87,37
DA:88,1
DA:91,37
DA:92,2
DA:95,37
DA:96,1
DA:97,1
DA:100,37
DA:101,0
DA:102,0
DA:106,37
DA:107,0
DA:109,0
DA:113,37
DA:114,15
DA:142,0
DA:148,0
DA:161,22
DA:173,0
DA:247,3
DA:265,52
LF:57
LH:50
BRDA:43,0,0,3
BRDA:47,1,0,9
BRDA:47,1,1,8
BRDA:47,1,2,7
BRDA:47,1,3,7
BRDA:55,2,0,1
BRDA:56,3,0,1
BRDA:56,3,1,3
BRDA:56,4,0,4
BRDA:56,4,1,4
BRDA:60,5,0,2
BRDA:66,6,0,35
BRDA:66,6,1,1
BRDA:66,6,2,1
BRDA:101,7,0,0
BRDA:113,8,0,15
BRDA:169,9,0,21
BRDA:169,9,1,1
BRDA:254,10,0,22
BRDA:254,10,1,1
BRDA:254,10,2,1
BRDA:275,11,0,22
BRDA:275,11,1,21
BRF:23
BRH:22
end_of_record
TN:
SF:src/pages/WhyDaanaa.tsx
FN:4,WhyDaanaa
FNF:1
FNH:0
FNDA:0,WhyDaanaa
DA:1,0
DA:2,0
DA:4,0
DA:5,0
DA:7,0
LF:5
LH:0
BRF:0
BRH:0
end_of_record
TN:
SF:src/types/wallet.ts
FN:94,isValidGivingIntent
FN:110,isValidWalletOrg
FN:132,isValidWallet
FNF:3
FNH:3
FNDA:59,isValidGivingIntent
FNDA:99,isValidWalletOrg
FNDA:28,isValidWallet
DA:85,5
DA:94,5
DA:95,59
DA:96,55
DA:97,55
DA:110,5
DA:111,99
DA:112,97
DA:113,97
DA:132,5
DA:133,28
DA:134,26
DA:135,26
LF:13
LH:13
BRDA:95,0,0,4
BRDA:95,1,0,59
BRDA:95,1,1,56
BRDA:98,2,0,55
BRDA:98,2,1,54
BRDA:98,2,2,51
BRDA:98,2,3,51
BRDA:98,2,4,50
BRDA:98,2,5,49
BRDA:98,2,6,47
BRDA:98,2,7,25
BRDA:98,2,8,25
BRDA:98,2,9,45
BRDA:98,2,10,16
BRDA:98,2,11,16
BRDA:98,2,12,43
BRDA:98,2,13,2
BRDA:98,2,14,2
BRDA:111,3,0,2
BRDA:111,4,0,99
BRDA:111,4,1,98
BRDA:114,5,0,97
BRDA:114,5,1,97
BRDA:114,5,2,92
BRDA:114,5,3,92
BRDA:114,5,4,91
BRDA:114,5,5,91
BRDA:114,5,6,90
BRDA:114,5,7,90
BRDA:114,5,8,89
BRDA:114,5,9,88
BRDA:114,5,10,87
BRDA:114,5,11,87
BRDA:114,5,12,87
BRDA:114,5,13,85
BRDA:114,5,14,21
BRDA:114,5,15,85
BRDA:114,5,16,31
BRDA:133,6,0,2
BRDA:133,7,0,28
BRDA:133,7,1,27
BRDA:136,8,0,26
BRDA:136,8,1,22
BRDA:136,8,2,22
BRDA:136,8,3,20
BRDA:136,8,4,19
BRDA:136,8,5,17
BRDA:136,8,6,16
BRDA:136,8,7,1
BRF:49
BRH:49
end_of_record
TN:
SF:src/utils/badges.ts
FN:25,getSectorName
FN:29,getOrgBadges
FN:99,getCardBadges
FNF:3
FNH:0
FNDA:0,getSectorName
FNDA:0,getOrgBadges
FNDA:0,getCardBadges
DA:15,0
DA:25,0
DA:26,0
DA:29,0
DA:30,0
DA:31,0
DA:32,0
DA:33,0
DA:34,0
DA:37,0
DA:51,0
DA:52,0
DA:53,0
DA:66,0
DA:67,0
DA:75,0
DA:76,0
DA:84,0
DA:85,0
DA:95,0
DA:99,0
DA:100,0
LF:22
LH:0
BRDA:26,0,0,0
BRDA:26,0,1,0
BRDA:26,1,0,0
BRDA:26,1,1,0
BRDA:31,2,0,0
BRDA:31,2,1,0
BRDA:31,3,0,0
BRDA:31,3,1,0
BRDA:33,4,0,0
BRDA:33,4,1,0
BRDA:33,4,2,0
BRDA:51,5,0,0
BRDA:56,6,0,0
BRDA:56,6,1,0
BRDA:60,7,0,0
BRDA:60,7,1,0
BRDA:66,8,0,0
BRDA:66,8,1,0
BRDA:66,9,0,0
BRDA:66,9,1,0
BRDA:75,10,0,0
BRDA:75,10,1,0
BRDA:84,11,0,0
BRF:23
BRH:0
end_of_record
TN:
SF:src/utils/externalLink.ts
FN:14,normalizeExternalUrl
FN:34,getPrimaryExternalLink
FNF:2
FNH:0
FNDA:0,normalizeExternalUrl
FNDA:0,getPrimaryExternalLink
DA:11,0
DA:14,0
DA:15,0
DA:16,0
DA:18,0
DA:19,0
DA:20,0
DA:21,0
DA:22,0
DA:23,0
DA:25,0
DA:34,0
DA:39,0
DA:40,0
DA:41,0
LF:15
LH:0
BRDA:15,0,0,0
BRDA:15,0,1,0
BRDA:15,1,0,0
BRDA:15,1,1,0
BRDA:16,2,0,0
BRDA:18,3,0,0
BRDA:18,3,1,0
BRDA:21,4,0,0
BRDA:21,5,0,0
BRDA:21,5,1,0
BRDA:22,6,0,0
BRDA:39,7,0,0
BRDA:39,7,1,0
BRDA:39,8,0,0
BRDA:39,8,1,0
BRDA:39,9,0,0
BRDA:39,9,1,0
BRDA:39,10,0,0
BRDA:39,10,1,0
BRDA:40,11,0,0
BRF:20
BRH:0
end_of_record
TN:
SF:src/utils/walletStorage.ts
FN:29,read
FN:52,write
FN:80,clear
FN:89,getQuotaInfo
FN:113,checkCorruption
FNF:5
FNH:5
FNDA:18,read
FNDA:20,write
FNDA:2,clear
FNDA:32,getQuotaInfo
FNDA:19,checkCorruption
DA:7,2
DA:9,2
DA:10,2
DA:11,2
DA:30,18
DA:31,18
DA:32,18
DA:33,10
DA:36,8
DA:37,7
DA:38,5
DA:41,2
DA:43,1
DA:53,20
DA:54,20
DA:55,20
DA:58,19
DA:59,19
DA:60,0
DA:66,1
DA:67,0
DA:72,1
DA:81,2
DA:91,32
DA:94,32
DA:96,32
DA:98,32
DA:99,32
DA:101,32
DA:114,19
DA:115,19
DA:118,19
DA:119,10
DA:123,9
DA:124,4
DA:125,3
DA:129,1
DA:130,1
DA:131,0
DA:132,0
DA:133,0
DA:134,0
DA:146,1
DA:152,5
DA:153,5
DA:154,3
DA:155,3
DA:156,2
DA:157,2
DA:168,3
DA:178,2
LF:51
LH:45
BRDA:32,0,0,10
BRDA:37,1,0,5
BRDA:59,2,0,0
BRDA:66,3,0,0
BRDA:66,3,1,1
BRDA:96,4,0,31
BRDA:96,4,1,1
BRDA:118,5,0,10
BRDA:124,6,0,3
BRDA:130,7,0,0
BRDA:133,8,0,0
BRDA:153,9,0,3
BRDA:156,10,0,2
BRDA:170,11,0,3
BRDA:170,11,1,0
BRF:15
BRH:10
end_of_record
